[1.191s] DEBUG:colcon:Command line arguments: ['/usr/bin/colcon', 'build', '--symlink-install']
[1.192s] DEBUG:colcon:Parsed command line arguments: Namespace(log_base=None, log_level=None, verb_name='build', build_base='build', install_base='install', merge_install=False, symlink_install=True, test_result_base=None, continue_on_error=False, executor='parallel', parallel_workers=8, event_handlers=None, ignore_user_meta=False, metas=['./colcon.meta'], base_paths=['.'], packages_ignore=None, packages_ignore_regex=None, paths=None, packages_up_to=None, packages_up_to_regex=None, packages_above=None, packages_above_and_dependencies=None, packages_above_depth=None, packages_select_by_dep=None, packages_skip_by_dep=None, packages_skip_up_to=None, packages_select_build_failed=False, packages_skip_build_finished=False, packages_select_test_failures=False, packages_skip_test_passed=False, packages_select=None, packages_skip=None, packages_select_regex=None, packages_skip_regex=None, packages_start=None, packages_end=None, allow_overriding=[], cmake_args=None, cmake_target=None, cmake_target_skip_unavailable=False, cmake_clean_cache=False, cmake_clean_first=False, cmake_force_configure=False, ament_cmake_args=None, catkin_cmake_args=None, catkin_skip_building_tests=False, mixin_files=None, mixin=None, verb_parser=<colcon_mixin.mixin.mixin_argument.MixinArgumentDecorator object at 0x7d06d4677200>, verb_extension=<colcon_core.verb.build.BuildVerb object at 0x7d06d4625100>, main=<bound method BuildVerb.main of <colcon_core.verb.build.BuildVerb object at 0x7d06d4625100>>, mixin_verb=('build',))
[1.383s] Level 1:colcon.colcon_core.package_discovery:discover_packages(colcon_meta) check parameters
[1.385s] Level 1:colcon.colcon_core.package_discovery:discover_packages(recursive) check parameters
[1.385s] Level 1:colcon.colcon_core.package_discovery:discover_packages(ignore) check parameters
[1.386s] Level 1:colcon.colcon_core.package_discovery:discover_packages(path) check parameters
[1.387s] Level 1:colcon.colcon_core.package_discovery:discover_packages(colcon_meta) discover
[1.388s] Level 1:colcon.colcon_core.package_discovery:discover_packages(recursive) discover
[1.394s] INFO:colcon.colcon_core.package_discovery:Crawling recursively for packages in '/mnt/c/Users/camil/camil_turtlebot3'
[1.398s] Level 1:colcon.colcon_core.package_identification:_identify(.) by extensions ['ignore', 'ignore_ament_install']
[1.399s] Level 1:colcon.colcon_core.package_identification:_identify(.) by extension 'ignore'
[1.400s] Level 1:colcon.colcon_core.package_identification:_identify(.) by extension 'ignore_ament_install'
[1.402s] Level 1:colcon.colcon_core.package_identification:_identify(.) by extensions ['colcon_pkg']
[1.403s] Level 1:colcon.colcon_core.package_identification:_identify(.) by extension 'colcon_pkg'
[1.405s] Level 1:colcon.colcon_core.package_identification:_identify(.) by extensions ['colcon_meta']
[1.406s] Level 1:colcon.colcon_core.package_identification:_identify(.) by extension 'colcon_meta'
[1.406s] Level 1:colcon.colcon_core.package_identification:_identify(.) by extensions ['ros']
[1.407s] Level 1:colcon.colcon_core.package_identification:_identify(.) by extension 'ros'
[1.511s] Level 1:colcon.colcon_core.package_identification:_identify(.) by extensions ['cmake', 'python']
[1.511s] Level 1:colcon.colcon_core.package_identification:_identify(.) by extension 'cmake'
[1.512s] Level 1:colcon.colcon_core.package_identification:_identify(.) by extension 'python'
[1.514s] Level 1:colcon.colcon_core.package_identification:_identify(.) by extensions ['python_setup_py']
[1.514s] Level 1:colcon.colcon_core.package_identification:_identify(.) by extension 'python_setup_py'
[1.521s] Level 1:colcon.colcon_core.package_identification:_identify(build) by extensions ['ignore', 'ignore_ament_install']
[1.523s] Level 1:colcon.colcon_core.package_identification:_identify(build) by extension 'ignore'
[1.526s] Level 1:colcon.colcon_core.package_identification:_identify(build) ignored
[1.531s] Level 1:colcon.colcon_core.package_identification:_identify(install) by extensions ['ignore', 'ignore_ament_install']
[1.533s] Level 1:colcon.colcon_core.package_identification:_identify(install) by extension 'ignore'
[1.536s] Level 1:colcon.colcon_core.package_identification:_identify(install) ignored
[1.540s] Level 1:colcon.colcon_core.package_identification:_identify(log) by extensions ['ignore', 'ignore_ament_install']
[1.541s] Level 1:colcon.colcon_core.package_identification:_identify(log) by extension 'ignore'
[1.544s] Level 1:colcon.colcon_core.package_identification:_identify(log) ignored
[1.550s] Level 1:colcon.colcon_core.package_identification:_identify(src) by extensions ['ignore', 'ignore_ament_install']
[1.551s] Level 1:colcon.colcon_core.package_identification:_identify(src) by extension 'ignore'
[1.553s] Level 1:colcon.colcon_core.package_identification:_identify(src) by extension 'ignore_ament_install'
[1.556s] Level 1:colcon.colcon_core.package_identification:_identify(src) by extensions ['colcon_pkg']
[1.558s] Level 1:colcon.colcon_core.package_identification:_identify(src) by extension 'colcon_pkg'
[1.562s] Level 1:colcon.colcon_core.package_identification:_identify(src) by extensions ['colcon_meta']
[1.564s] Level 1:colcon.colcon_core.package_identification:_identify(src) by extension 'colcon_meta'
[1.567s] Level 1:colcon.colcon_core.package_identification:_identify(src) by extensions ['ros']
[1.568s] Level 1:colcon.colcon_core.package_identification:_identify(src) by extension 'ros'
[1.576s] Level 1:colcon.colcon_core.package_identification:_identify(src) by extensions ['cmake', 'python']
[1.577s] Level 1:colcon.colcon_core.package_identification:_identify(src) by extension 'cmake'
[1.579s] Level 1:colcon.colcon_core.package_identification:_identify(src) by extension 'python'
[1.581s] Level 1:colcon.colcon_core.package_identification:_identify(src) by extensions ['python_setup_py']
[1.582s] Level 1:colcon.colcon_core.package_identification:_identify(src) by extension 'python_setup_py'
[1.589s] Level 1:colcon.colcon_core.package_identification:_identify(src/control) by extensions ['ignore', 'ignore_ament_install']
[1.590s] Level 1:colcon.colcon_core.package_identification:_identify(src/control) by extension 'ignore'
[1.593s] Level 1:colcon.colcon_core.package_identification:_identify(src/control) by extension 'ignore_ament_install'
[1.598s] Level 1:colcon.colcon_core.package_identification:_identify(src/control) by extensions ['colcon_pkg']
[1.599s] Level 1:colcon.colcon_core.package_identification:_identify(src/control) by extension 'colcon_pkg'
[1.602s] Level 1:colcon.colcon_core.package_identification:_identify(src/control) by extensions ['colcon_meta']
[1.603s] Level 1:colcon.colcon_core.package_identification:_identify(src/control) by extension 'colcon_meta'
[1.606s] Level 1:colcon.colcon_core.package_identification:_identify(src/control) by extensions ['ros']
[1.607s] Level 1:colcon.colcon_core.package_identification:_identify(src/control) by extension 'ros'
[1.643s] DEBUG:colcon.colcon_core.package_identification:Package 'src/control' with type 'ros.ament_python' and name 'control'
[1.644s] Level 1:colcon.colcon_core.package_discovery:discover_packages(recursive) using defaults
[1.645s] Level 1:colcon.colcon_core.package_discovery:discover_packages(ignore) discover
[1.647s] Level 1:colcon.colcon_core.package_discovery:discover_packages(ignore) using defaults
[1.648s] Level 1:colcon.colcon_core.package_discovery:discover_packages(path) discover
[1.650s] Level 1:colcon.colcon_core.package_discovery:discover_packages(path) using defaults
[1.789s] Level 1:colcon.colcon_core.package_discovery:discover_packages(prefix_path) check parameters
[1.790s] Level 1:colcon.colcon_core.package_discovery:discover_packages(prefix_path) discover
[1.860s] DEBUG:colcon.colcon_installed_package_information.package_discovery:Found 1 installed packages in /mnt/c/Users/camil/camil_turtlebot3/install
[1.862s] DEBUG:colcon.colcon_installed_package_information.package_discovery:Found 15 installed packages in /home/camil/turtlebot3_ws/install
[1.866s] DEBUG:colcon.colcon_installed_package_information.package_discovery:Found 385 installed packages in /opt/ros/jazzy
[1.871s] Level 1:colcon.colcon_core.package_discovery:discover_packages(prefix_path) using defaults
[2.015s] Level 5:colcon.colcon_core.verb:set package 'control' build argument 'cmake_args' from command line to 'None'
[2.022s] Level 5:colcon.colcon_core.verb:set package 'control' build argument 'cmake_target' from command line to 'None'
[2.023s] Level 5:colcon.colcon_core.verb:set package 'control' build argument 'cmake_target_skip_unavailable' from command line to 'False'
[2.024s] Level 5:colcon.colcon_core.verb:set package 'control' build argument 'cmake_clean_cache' from command line to 'False'
[2.025s] Level 5:colcon.colcon_core.verb:set package 'control' build argument 'cmake_clean_first' from command line to 'False'
[2.026s] Level 5:colcon.colcon_core.verb:set package 'control' build argument 'cmake_force_configure' from command line to 'False'
[2.027s] Level 5:colcon.colcon_core.verb:set package 'control' build argument 'ament_cmake_args' from command line to 'None'
[2.027s] Level 5:colcon.colcon_core.verb:set package 'control' build argument 'catkin_cmake_args' from command line to 'None'
[2.028s] Level 5:colcon.colcon_core.verb:set package 'control' build argument 'catkin_skip_building_tests' from command line to 'False'
[2.029s] DEBUG:colcon.colcon_core.verb:Building package 'control' with the following arguments: {'ament_cmake_args': None, 'build_base': '/mnt/c/Users/camil/camil_turtlebot3/build/control', 'catkin_cmake_args': None, 'catkin_skip_building_tests': False, 'cmake_args': None, 'cmake_clean_cache': False, 'cmake_clean_first': False, 'cmake_force_configure': False, 'cmake_target': None, 'cmake_target_skip_unavailable': False, 'install_base': '/mnt/c/Users/camil/camil_turtlebot3/install/control', 'merge_install': False, 'path': '/mnt/c/Users/camil/camil_turtlebot3/src/control', 'symlink_install': True, 'test_result_base': None}
[2.031s] INFO:colcon.colcon_core.executor:Executing jobs using 'parallel' executor
[2.033s] DEBUG:colcon.colcon_parallel_executor.executor.parallel:run_until_complete
[2.035s] INFO:colcon.colcon_ros.task.ament_python.build:Building ROS package in '/mnt/c/Users/camil/camil_turtlebot3/src/control' with build type 'ament_python'
[2.035s] Level 1:colcon.colcon_core.shell:create_environment_hook('control', 'ament_prefix_path')
[2.057s] INFO:colcon.colcon_core.plugin_system:Skipping extension 'colcon_core.shell.bat': Not used on non-Windows systems
[2.061s] INFO:colcon.colcon_core.shell:Creating environment hook '/mnt/c/Users/camil/camil_turtlebot3/install/control/share/control/hook/ament_prefix_path.ps1'
[2.089s] INFO:colcon.colcon_core.shell:Creating environment descriptor '/mnt/c/Users/camil/camil_turtlebot3/install/control/share/control/hook/ament_prefix_path.dsv'
[2.118s] INFO:colcon.colcon_core.shell:Creating environment hook '/mnt/c/Users/camil/camil_turtlebot3/install/control/share/control/hook/ament_prefix_path.sh'
[2.139s] INFO:colcon.colcon_core.shell:Skip shell extension 'powershell' for command environment: Not usable outside of PowerShell
[2.140s] DEBUG:colcon.colcon_core.shell:Skip shell extension 'dsv' for command environment
[4.692s] INFO:colcon.colcon_core.task.python.build:Building Python package in '/mnt/c/Users/camil/camil_turtlebot3/src/control'
[4.699s] INFO:colcon.colcon_core.shell:Skip shell extension 'powershell' for command environment: Not usable outside of PowerShell
[4.699s] DEBUG:colcon.colcon_core.shell:Skip shell extension 'dsv' for command environment
[8.926s] DEBUG:colcon.colcon_core.event_handler.log_command:Invoking command in '/mnt/c/Users/camil/camil_turtlebot3/build/control': PYTHONPATH=/mnt/c/Users/camil/camil_turtlebot3/build/control/prefix_override:/usr/lib/python3/dist-packages/colcon_core/task/python/colcon_distutils_commands:/mnt/c/Users/camil/camil_turtlebot3/install/control/lib/python3.12/site-packages:${PYTHONPATH} /usr/bin/python3 -W ignore:setup.py install is deprecated -W ignore:easy_install command is deprecated setup.py develop --editable --build-directory /mnt/c/Users/camil/camil_turtlebot3/build/control/build --no-deps symlink_data
[13.113s] Level 1:colcon.colcon_core.shell:create_environment_hook('control', 'pythonpath_develop')
[13.115s] INFO:colcon.colcon_core.shell:Creating environment hook '/mnt/c/Users/camil/camil_turtlebot3/build/control/share/control/hook/pythonpath_develop.ps1'
[13.117s] DEBUG:colcon.colcon_core.event_handler.log_command:Invoked command in '/mnt/c/Users/camil/camil_turtlebot3/build/control' returned '0': PYTHONPATH=/mnt/c/Users/camil/camil_turtlebot3/build/control/prefix_override:/usr/lib/python3/dist-packages/colcon_core/task/python/colcon_distutils_commands:/mnt/c/Users/camil/camil_turtlebot3/install/control/lib/python3.12/site-packages:${PYTHONPATH} /usr/bin/python3 -W ignore:setup.py install is deprecated -W ignore:easy_install command is deprecated setup.py develop --editable --build-directory /mnt/c/Users/camil/camil_turtlebot3/build/control/build --no-deps symlink_data
[13.147s] INFO:colcon.colcon_core.shell:Creating environment descriptor '/mnt/c/Users/camil/camil_turtlebot3/build/control/share/control/hook/pythonpath_develop.dsv'
[13.175s] INFO:colcon.colcon_core.shell:Creating environment hook '/mnt/c/Users/camil/camil_turtlebot3/build/control/share/control/hook/pythonpath_develop.sh'
[13.217s] Level 1:colcon.colcon_core.environment:checking '/mnt/c/Users/camil/camil_turtlebot3/install/control' for CMake module files
[13.359s] Level 1:colcon.colcon_core.environment:checking '/mnt/c/Users/camil/camil_turtlebot3/install/control' for CMake config files
[13.510s] Level 1:colcon.colcon_core.environment:checking '/mnt/c/Users/camil/camil_turtlebot3/install/control/lib'
[13.519s] Level 1:colcon.colcon_core.environment:checking '/mnt/c/Users/camil/camil_turtlebot3/install/control/bin'
[13.521s] Level 1:colcon.colcon_core.environment:checking '/mnt/c/Users/camil/camil_turtlebot3/install/control/lib/pkgconfig/control.pc'
[13.525s] Level 1:colcon.colcon_core.environment:checking '/mnt/c/Users/camil/camil_turtlebot3/install/control/lib/python3.12/site-packages'
[13.529s] Level 1:colcon.colcon_core.shell:create_environment_hook('control', 'pythonpath')
[13.531s] INFO:colcon.colcon_core.shell:Creating environment hook '/mnt/c/Users/camil/camil_turtlebot3/install/control/share/control/hook/pythonpath.ps1'
[13.567s] INFO:colcon.colcon_core.shell:Creating environment descriptor '/mnt/c/Users/camil/camil_turtlebot3/install/control/share/control/hook/pythonpath.dsv'
[13.595s] INFO:colcon.colcon_core.shell:Creating environment hook '/mnt/c/Users/camil/camil_turtlebot3/install/control/share/control/hook/pythonpath.sh'
[13.622s] Level 1:colcon.colcon_core.environment:checking '/mnt/c/Users/camil/camil_turtlebot3/install/control/bin'
[13.625s] Level 1:colcon.colcon_core.environment:create_environment_scripts_only(control)
[13.627s] INFO:colcon.colcon_core.shell:Creating package script '/mnt/c/Users/camil/camil_turtlebot3/install/control/share/control/package.ps1'
[13.658s] INFO:colcon.colcon_core.shell:Creating package descriptor '/mnt/c/Users/camil/camil_turtlebot3/install/control/share/control/package.dsv'
[13.681s] INFO:colcon.colcon_core.shell:Creating package script '/mnt/c/Users/camil/camil_turtlebot3/install/control/share/control/package.sh'
[13.706s] INFO:colcon.colcon_core.shell:Creating package script '/mnt/c/Users/camil/camil_turtlebot3/install/control/share/control/package.bash'
[13.735s] INFO:colcon.colcon_core.shell:Creating package script '/mnt/c/Users/camil/camil_turtlebot3/install/control/share/control/package.zsh'
[13.761s] Level 1:colcon.colcon_core.environment:create_file_with_runtime_dependencies(/mnt/c/Users/camil/camil_turtlebot3/install/control/share/colcon-core/packages/control)
[13.776s] DEBUG:colcon.colcon_parallel_executor.executor.parallel:closing loop
[13.777s] DEBUG:colcon.colcon_parallel_executor.executor.parallel:loop closed
[13.781s] DEBUG:colcon.colcon_parallel_executor.executor.parallel:run_until_complete finished with '0'
[13.782s] DEBUG:colcon.colcon_core.event_reactor:joining thread
[13.937s] INFO:colcon.colcon_core.plugin_system:Skipping extension 'colcon_notification.desktop_notification.notify_send': Could not find 'notify-send'
[13.938s] INFO:colcon.colcon_core.plugin_system:Skipping extension 'colcon_notification.desktop_notification.terminal_notifier': Not used on non-Darwin systems
[13.939s] INFO:colcon.colcon_core.plugin_system:Skipping extension 'colcon_notification.desktop_notification.win32': Not used on non-Windows systems
[13.940s] INFO:colcon.colcon_notification.desktop_notification:Sending desktop notification using 'notify2'
[13.943s] DEBUG:colcon.colcon_notification.desktop_notification.notify2:Failed to initialize notify2: org.freedesktop.DBus.Error.ServiceUnknown: The name org.freedesktop.Notifications was not provided by any .service files
[13.944s] DEBUG:colcon.colcon_core.event_reactor:joined thread
[13.945s] INFO:colcon.colcon_core.shell:Creating prefix script '/mnt/c/Users/camil/camil_turtlebot3/install/local_setup.ps1'
[13.956s] INFO:colcon.colcon_core.shell:Creating prefix util module '/mnt/c/Users/camil/camil_turtlebot3/install/_local_setup_util_ps1.py'
[13.967s] INFO:colcon.colcon_core.shell:Creating prefix chain script '/mnt/c/Users/camil/camil_turtlebot3/install/setup.ps1'
[13.996s] INFO:colcon.colcon_core.shell:Creating prefix script '/mnt/c/Users/camil/camil_turtlebot3/install/local_setup.sh'
[14.008s] INFO:colcon.colcon_core.shell:Creating prefix util module '/mnt/c/Users/camil/camil_turtlebot3/install/_local_setup_util_sh.py'
[14.018s] INFO:colcon.colcon_core.shell:Creating prefix chain script '/mnt/c/Users/camil/camil_turtlebot3/install/setup.sh'
[14.042s] INFO:colcon.colcon_core.shell:Creating prefix script '/mnt/c/Users/camil/camil_turtlebot3/install/local_setup.bash'
[14.052s] INFO:colcon.colcon_core.shell:Creating prefix chain script '/mnt/c/Users/camil/camil_turtlebot3/install/setup.bash'
[14.085s] INFO:colcon.colcon_core.shell:Creating prefix script '/mnt/c/Users/camil/camil_turtlebot3/install/local_setup.zsh'
[14.095s] INFO:colcon.colcon_core.shell:Creating prefix chain script '/mnt/c/Users/camil/camil_turtlebot3/install/setup.zsh'
