[2.428s] Invoking command in '/mnt/c/Users/camil/camil_turtlebot3/src/control': PYTHONPATH=/mnt/c/Users/camil/camil_turtlebot3/build/control/prefix_override:/usr/lib/python3/dist-packages/colcon_core/task/python/colcon_distutils_commands:/mnt/c/Users/camil/camil_turtlebot3/install/control/lib/python3.12/site-packages:${PYTHONPATH} /usr/bin/python3 -W ignore:setup.py install is deprecated -W ignore:easy_install command is deprecated setup.py egg_info --egg-base ../../build/control build --build-base /mnt/c/Users/camil/camil_turtlebot3/build/control/build install --record /mnt/c/Users/camil/camil_turtlebot3/build/control/install.log --single-version-externally-managed install_data
[3.169s] running egg_info
[3.200s] writing ../../build/control/control.egg-info/PKG-INFO
[3.209s] writing dependency_links to ../../build/control/control.egg-info/dependency_links.txt
[3.213s] writing entry points to ../../build/control/control.egg-info/entry_points.txt
[3.218s] writing requirements to ../../build/control/control.egg-info/requires.txt
[3.222s] writing top-level names to ../../build/control/control.egg-info/top_level.txt
[3.311s] reading manifest file '../../build/control/control.egg-info/SOURCES.txt'
[3.357s] adding license file 'LICENSE'
[3.378s] writing manifest file '../../build/control/control.egg-info/SOURCES.txt'
[3.382s] running build
[3.390s] running build_py
[3.419s] running install
[3.429s] running install_lib
[3.572s] running install_data
[3.595s] running install_egg_info
[3.644s] removing '/mnt/c/Users/camil/camil_turtlebot3/install/control/lib/python3.12/site-packages/control-0.0.0-py3.12.egg-info' (and everything under it)
[3.692s] Copying ../../build/control/control.egg-info to /mnt/c/Users/camil/camil_turtlebot3/install/control/lib/python3.12/site-packages/control-0.0.0-py3.12.egg-info
[3.928s] running install_scripts
[4.205s] Installing my_node script to /mnt/c/Users/camil/camil_turtlebot3/install/control/lib/control
[4.216s] Installing test script to /mnt/c/Users/camil/camil_turtlebot3/install/control/lib/control
[4.229s] writing list of installed files to '/mnt/c/Users/camil/camil_turtlebot3/build/control/install.log'
[4.266s] Invoked command in '/mnt/c/Users/camil/camil_turtlebot3/src/control' returned '0': PYTHONPATH=/mnt/c/Users/camil/camil_turtlebot3/build/control/prefix_override:/usr/lib/python3/dist-packages/colcon_core/task/python/colcon_distutils_commands:/mnt/c/Users/camil/camil_turtlebot3/install/control/lib/python3.12/site-packages:${PYTHONPATH} /usr/bin/python3 -W ignore:setup.py install is deprecated -W ignore:easy_install command is deprecated setup.py egg_info --egg-base ../../build/control build --build-base /mnt/c/Users/camil/camil_turtlebot3/build/control/build install --record /mnt/c/Users/camil/camil_turtlebot3/build/control/install.log --single-version-externally-managed install_data
