[3.618s] Invoking command in '/mnt/c/Users/camil/camil_turtlebot3/src/control': PYTHONPATH=/mnt/c/Users/camil/camil_turtlebot3/build/control/prefix_override:/usr/lib/python3/dist-packages/colcon_core/task/python/colcon_distutils_commands:/mnt/c/Users/camil/camil_turtlebot3/install/control/lib/python3.12/site-packages:${PYTHONPATH} /usr/bin/python3 -W ignore:setup.py install is deprecated -W ignore:easy_install command is deprecated setup.py egg_info --egg-base ../../build/control build --build-base /mnt/c/Users/camil/camil_turtlebot3/build/control/build install --record /mnt/c/Users/camil/camil_turtlebot3/build/control/install.log --single-version-externally-managed install_data
[4.406s] running egg_info
[4.439s] writing ../../build/control/control.egg-info/PKG-INFO
[4.448s] writing dependency_links to ../../build/control/control.egg-info/dependency_links.txt
[4.453s] writing entry points to ../../build/control/control.egg-info/entry_points.txt
[4.458s] writing requirements to ../../build/control/control.egg-info/requires.txt
[4.462s] writing top-level names to ../../build/control/control.egg-info/top_level.txt
[4.555s] reading manifest file '../../build/control/control.egg-info/SOURCES.txt'
[4.605s] adding license file 'LICENSE'
[4.627s] writing manifest file '../../build/control/control.egg-info/SOURCES.txt'
[4.630s] running build
[4.639s] running build_py
[4.656s] copying control/test.py -> /mnt/c/Users/camil/camil_turtlebot3/build/control/build/lib/control
[4.688s] running install
[4.698s] running install_lib
[4.788s] copying /mnt/c/Users/camil/camil_turtlebot3/build/control/build/lib/control/test.py -> /mnt/c/Users/camil/camil_turtlebot3/install/control/lib/python3.12/site-packages/control
[4.858s] byte-compiling /mnt/c/Users/camil/camil_turtlebot3/install/control/lib/python3.12/site-packages/control/test.py to test.cpython-312.pyc
[4.918s] running install_data
[4.941s] running install_egg_info
[4.986s] removing '/mnt/c/Users/camil/camil_turtlebot3/install/control/lib/python3.12/site-packages/control-0.0.0-py3.12.egg-info' (and everything under it)
[5.040s] Copying ../../build/control/control.egg-info to /mnt/c/Users/camil/camil_turtlebot3/install/control/lib/python3.12/site-packages/control-0.0.0-py3.12.egg-info
[5.275s] running install_scripts
[5.583s] Installing my_node script to /mnt/c/Users/camil/camil_turtlebot3/install/control/lib/control
[5.598s] writing list of installed files to '/mnt/c/Users/camil/camil_turtlebot3/build/control/install.log'
[5.628s] Invoked command in '/mnt/c/Users/camil/camil_turtlebot3/src/control' returned '0': PYTHONPATH=/mnt/c/Users/camil/camil_turtlebot3/build/control/prefix_override:/usr/lib/python3/dist-packages/colcon_core/task/python/colcon_distutils_commands:/mnt/c/Users/camil/camil_turtlebot3/install/control/lib/python3.12/site-packages:${PYTHONPATH} /usr/bin/python3 -W ignore:setup.py install is deprecated -W ignore:easy_install command is deprecated setup.py egg_info --egg-base ../../build/control build --build-base /mnt/c/Users/camil/camil_turtlebot3/build/control/build install --record /mnt/c/Users/camil/camil_turtlebot3/build/control/install.log --single-version-externally-managed install_data
