[0.903s] DEBUG:colcon:Command line arguments: ['/usr/bin/colcon', 'build', '--symlink-install']
[0.904s] DEBUG:colcon:Parsed command line arguments: Namespace(log_base=None, log_level=None, verb_name='build', build_base='build', install_base='install', merge_install=False, symlink_install=True, test_result_base=None, continue_on_error=False, executor='parallel', parallel_workers=8, event_handlers=None, ignore_user_meta=False, metas=['./colcon.meta'], base_paths=['.'], packages_ignore=None, packages_ignore_regex=None, paths=None, packages_up_to=None, packages_up_to_regex=None, packages_above=None, packages_above_and_dependencies=None, packages_above_depth=None, packages_select_by_dep=None, packages_skip_by_dep=None, packages_skip_up_to=None, packages_select_build_failed=False, packages_skip_build_finished=False, packages_select_test_failures=False, packages_skip_test_passed=False, packages_select=None, packages_skip=None, packages_select_regex=None, packages_skip_regex=None, packages_start=None, packages_end=None, allow_overriding=[], cmake_args=None, cmake_target=None, cmake_target_skip_unavailable=False, cmake_clean_cache=False, cmake_clean_first=False, cmake_force_configure=False, ament_cmake_args=None, catkin_cmake_args=None, catkin_skip_building_tests=False, mixin_files=None, mixin=None, verb_parser=<colcon_mixin.mixin.mixin_argument.MixinArgumentDecorator object at 0x7a872e48b410>, verb_extension=<colcon_core.verb.build.BuildVerb object at 0x7a872e439160>, main=<bound method BuildVerb.main of <colcon_core.verb.build.BuildVerb object at 0x7a872e439160>>, mixin_verb=('build',))
[1.052s] Level 1:colcon.colcon_core.package_discovery:discover_packages(colcon_meta) check parameters
[1.053s] Level 1:colcon.colcon_core.package_discovery:discover_packages(recursive) check parameters
[1.053s] Level 1:colcon.colcon_core.package_discovery:discover_packages(ignore) check parameters
[1.054s] Level 1:colcon.colcon_core.package_discovery:discover_packages(path) check parameters
[1.055s] Level 1:colcon.colcon_core.package_discovery:discover_packages(colcon_meta) discover
[1.056s] Level 1:colcon.colcon_core.package_discovery:discover_packages(recursive) discover
[1.057s] INFO:colcon.colcon_core.package_discovery:Crawling recursively for packages in '/mnt/c/Users/camil/camil_turtlebot3'
[1.061s] Level 1:colcon.colcon_core.package_identification:_identify(.) by extensions ['ignore', 'ignore_ament_install']
[1.063s] Level 1:colcon.colcon_core.package_identification:_identify(.) by extension 'ignore'
[1.064s] Level 1:colcon.colcon_core.package_identification:_identify(.) by extension 'ignore_ament_install'
[1.066s] Level 1:colcon.colcon_core.package_identification:_identify(.) by extensions ['colcon_pkg']
[1.067s] Level 1:colcon.colcon_core.package_identification:_identify(.) by extension 'colcon_pkg'
[1.069s] Level 1:colcon.colcon_core.package_identification:_identify(.) by extensions ['colcon_meta']
[1.071s] Level 1:colcon.colcon_core.package_identification:_identify(.) by extension 'colcon_meta'
[1.072s] Level 1:colcon.colcon_core.package_identification:_identify(.) by extensions ['ros']
[1.073s] Level 1:colcon.colcon_core.package_identification:_identify(.) by extension 'ros'
[1.184s] Level 1:colcon.colcon_core.package_identification:_identify(.) by extensions ['cmake', 'python']
[1.186s] Level 1:colcon.colcon_core.package_identification:_identify(.) by extension 'cmake'
[1.187s] Level 1:colcon.colcon_core.package_identification:_identify(.) by extension 'python'
[1.188s] Level 1:colcon.colcon_core.package_identification:_identify(.) by extensions ['python_setup_py']
[1.189s] Level 1:colcon.colcon_core.package_identification:_identify(.) by extension 'python_setup_py'
[1.199s] Level 1:colcon.colcon_core.package_identification:_identify(build) by extensions ['ignore', 'ignore_ament_install']
[1.200s] Level 1:colcon.colcon_core.package_identification:_identify(build) by extension 'ignore'
[1.204s] Level 1:colcon.colcon_core.package_identification:_identify(build) ignored
[1.210s] Level 1:colcon.colcon_core.package_identification:_identify(install) by extensions ['ignore', 'ignore_ament_install']
[1.211s] Level 1:colcon.colcon_core.package_identification:_identify(install) by extension 'ignore'
[1.215s] Level 1:colcon.colcon_core.package_identification:_identify(install) ignored
[1.219s] Level 1:colcon.colcon_core.package_identification:_identify(log) by extensions ['ignore', 'ignore_ament_install']
[1.220s] Level 1:colcon.colcon_core.package_identification:_identify(log) by extension 'ignore'
[1.222s] Level 1:colcon.colcon_core.package_identification:_identify(log) ignored
[1.227s] Level 1:colcon.colcon_core.package_identification:_identify(src) by extensions ['ignore', 'ignore_ament_install']
[1.228s] Level 1:colcon.colcon_core.package_identification:_identify(src) by extension 'ignore'
[1.230s] Level 1:colcon.colcon_core.package_identification:_identify(src) by extension 'ignore_ament_install'
[1.234s] Level 1:colcon.colcon_core.package_identification:_identify(src) by extensions ['colcon_pkg']
[1.236s] Level 1:colcon.colcon_core.package_identification:_identify(src) by extension 'colcon_pkg'
[1.241s] Level 1:colcon.colcon_core.package_identification:_identify(src) by extensions ['colcon_meta']
[1.242s] Level 1:colcon.colcon_core.package_identification:_identify(src) by extension 'colcon_meta'
[1.245s] Level 1:colcon.colcon_core.package_identification:_identify(src) by extensions ['ros']
[1.246s] Level 1:colcon.colcon_core.package_identification:_identify(src) by extension 'ros'
[1.254s] Level 1:colcon.colcon_core.package_identification:_identify(src) by extensions ['cmake', 'python']
[1.255s] Level 1:colcon.colcon_core.package_identification:_identify(src) by extension 'cmake'
[1.257s] Level 1:colcon.colcon_core.package_identification:_identify(src) by extension 'python'
[1.259s] Level 1:colcon.colcon_core.package_identification:_identify(src) by extensions ['python_setup_py']
[1.260s] Level 1:colcon.colcon_core.package_identification:_identify(src) by extension 'python_setup_py'
[1.268s] Level 1:colcon.colcon_core.package_identification:_identify(src/control) by extensions ['ignore', 'ignore_ament_install']
[1.269s] Level 1:colcon.colcon_core.package_identification:_identify(src/control) by extension 'ignore'
[1.272s] Level 1:colcon.colcon_core.package_identification:_identify(src/control) by extension 'ignore_ament_install'
[1.277s] Level 1:colcon.colcon_core.package_identification:_identify(src/control) by extensions ['colcon_pkg']
[1.278s] Level 1:colcon.colcon_core.package_identification:_identify(src/control) by extension 'colcon_pkg'
[1.281s] Level 1:colcon.colcon_core.package_identification:_identify(src/control) by extensions ['colcon_meta']
[1.281s] Level 1:colcon.colcon_core.package_identification:_identify(src/control) by extension 'colcon_meta'
[1.285s] Level 1:colcon.colcon_core.package_identification:_identify(src/control) by extensions ['ros']
[1.286s] Level 1:colcon.colcon_core.package_identification:_identify(src/control) by extension 'ros'
[1.330s] DEBUG:colcon.colcon_core.package_identification:Package 'src/control' with type 'ros.ament_python' and name 'control'
[1.332s] Level 1:colcon.colcon_core.package_discovery:discover_packages(recursive) using defaults
[1.334s] Level 1:colcon.colcon_core.package_discovery:discover_packages(ignore) discover
[1.335s] Level 1:colcon.colcon_core.package_discovery:discover_packages(ignore) using defaults
[1.336s] Level 1:colcon.colcon_core.package_discovery:discover_packages(path) discover
[1.337s] Level 1:colcon.colcon_core.package_discovery:discover_packages(path) using defaults
[1.495s] Level 1:colcon.colcon_core.package_discovery:discover_packages(prefix_path) check parameters
[1.496s] Level 1:colcon.colcon_core.package_discovery:discover_packages(prefix_path) discover
[1.576s] DEBUG:colcon.colcon_installed_package_information.package_discovery:Found 1 installed packages in /mnt/c/Users/camil/camil_turtlebot3/install
[1.579s] DEBUG:colcon.colcon_installed_package_information.package_discovery:Found 15 installed packages in /home/camil/turtlebot3_ws/install
[1.583s] DEBUG:colcon.colcon_installed_package_information.package_discovery:Found 385 installed packages in /opt/ros/jazzy
[1.587s] Level 1:colcon.colcon_core.package_discovery:discover_packages(prefix_path) using defaults
[1.749s] Level 5:colcon.colcon_core.verb:set package 'control' build argument 'cmake_args' from command line to 'None'
[1.750s] Level 5:colcon.colcon_core.verb:set package 'control' build argument 'cmake_target' from command line to 'None'
[1.751s] Level 5:colcon.colcon_core.verb:set package 'control' build argument 'cmake_target_skip_unavailable' from command line to 'False'
[1.752s] Level 5:colcon.colcon_core.verb:set package 'control' build argument 'cmake_clean_cache' from command line to 'False'
[1.753s] Level 5:colcon.colcon_core.verb:set package 'control' build argument 'cmake_clean_first' from command line to 'False'
[1.754s] Level 5:colcon.colcon_core.verb:set package 'control' build argument 'cmake_force_configure' from command line to 'False'
[1.755s] Level 5:colcon.colcon_core.verb:set package 'control' build argument 'ament_cmake_args' from command line to 'None'
[1.756s] Level 5:colcon.colcon_core.verb:set package 'control' build argument 'catkin_cmake_args' from command line to 'None'
[1.757s] Level 5:colcon.colcon_core.verb:set package 'control' build argument 'catkin_skip_building_tests' from command line to 'False'
[1.758s] DEBUG:colcon.colcon_core.verb:Building package 'control' with the following arguments: {'ament_cmake_args': None, 'build_base': '/mnt/c/Users/camil/camil_turtlebot3/build/control', 'catkin_cmake_args': None, 'catkin_skip_building_tests': False, 'cmake_args': None, 'cmake_clean_cache': False, 'cmake_clean_first': False, 'cmake_force_configure': False, 'cmake_target': None, 'cmake_target_skip_unavailable': False, 'install_base': '/mnt/c/Users/camil/camil_turtlebot3/install/control', 'merge_install': False, 'path': '/mnt/c/Users/camil/camil_turtlebot3/src/control', 'symlink_install': True, 'test_result_base': None}
[1.759s] INFO:colcon.colcon_core.executor:Executing jobs using 'parallel' executor
[1.762s] DEBUG:colcon.colcon_parallel_executor.executor.parallel:run_until_complete
[1.764s] INFO:colcon.colcon_ros.task.ament_python.build:Building ROS package in '/mnt/c/Users/camil/camil_turtlebot3/src/control' with build type 'ament_python'
[1.765s] Level 1:colcon.colcon_core.shell:create_environment_hook('control', 'ament_prefix_path')
[1.786s] INFO:colcon.colcon_core.plugin_system:Skipping extension 'colcon_core.shell.bat': Not used on non-Windows systems
[1.789s] INFO:colcon.colcon_core.shell:Creating environment hook '/mnt/c/Users/camil/camil_turtlebot3/install/control/share/control/hook/ament_prefix_path.ps1'
[1.814s] INFO:colcon.colcon_core.shell:Creating environment descriptor '/mnt/c/Users/camil/camil_turtlebot3/install/control/share/control/hook/ament_prefix_path.dsv'
[1.836s] INFO:colcon.colcon_core.shell:Creating environment hook '/mnt/c/Users/camil/camil_turtlebot3/install/control/share/control/hook/ament_prefix_path.sh'
[1.872s] INFO:colcon.colcon_core.shell:Skip shell extension 'powershell' for command environment: Not usable outside of PowerShell
[1.873s] DEBUG:colcon.colcon_core.shell:Skip shell extension 'dsv' for command environment
[4.826s] INFO:colcon.colcon_core.task.python.build:Building Python package in '/mnt/c/Users/camil/camil_turtlebot3/src/control'
[4.828s] INFO:colcon.colcon_core.shell:Skip shell extension 'powershell' for command environment: Not usable outside of PowerShell
[4.829s] DEBUG:colcon.colcon_core.shell:Skip shell extension 'dsv' for command environment
[10.177s] DEBUG:colcon.colcon_core.event_handler.log_command:Invoking command in '/mnt/c/Users/camil/camil_turtlebot3/build/control': PYTHONPATH=/mnt/c/Users/camil/camil_turtlebot3/build/control/prefix_override:/usr/lib/python3/dist-packages/colcon_core/task/python/colcon_distutils_commands:/mnt/c/Users/camil/camil_turtlebot3/install/control/lib/python3.12/site-packages:${PYTHONPATH} /usr/bin/python3 -W ignore:setup.py install is deprecated -W ignore:easy_install command is deprecated setup.py develop --editable --build-directory /mnt/c/Users/camil/camil_turtlebot3/build/control/build --no-deps symlink_data
[16.052s] Level 1:colcon.colcon_core.shell:create_environment_hook('control', 'pythonpath_develop')
[16.056s] INFO:colcon.colcon_core.shell:Creating environment hook '/mnt/c/Users/camil/camil_turtlebot3/build/control/share/control/hook/pythonpath_develop.ps1'
[16.061s] DEBUG:colcon.colcon_core.event_handler.log_command:Invoked command in '/mnt/c/Users/camil/camil_turtlebot3/build/control' returned '0': PYTHONPATH=/mnt/c/Users/camil/camil_turtlebot3/build/control/prefix_override:/usr/lib/python3/dist-packages/colcon_core/task/python/colcon_distutils_commands:/mnt/c/Users/camil/camil_turtlebot3/install/control/lib/python3.12/site-packages:${PYTHONPATH} /usr/bin/python3 -W ignore:setup.py install is deprecated -W ignore:easy_install command is deprecated setup.py develop --editable --build-directory /mnt/c/Users/camil/camil_turtlebot3/build/control/build --no-deps symlink_data
[16.175s] INFO:colcon.colcon_core.shell:Creating environment descriptor '/mnt/c/Users/camil/camil_turtlebot3/build/control/share/control/hook/pythonpath_develop.dsv'
[16.349s] INFO:colcon.colcon_core.shell:Creating environment hook '/mnt/c/Users/camil/camil_turtlebot3/build/control/share/control/hook/pythonpath_develop.sh'
[16.517s] Level 1:colcon.colcon_core.environment:checking '/mnt/c/Users/camil/camil_turtlebot3/install/control' for CMake module files
[16.745s] Level 1:colcon.colcon_core.environment:checking '/mnt/c/Users/camil/camil_turtlebot3/install/control' for CMake config files
[17.060s] Level 1:colcon.colcon_core.environment:checking '/mnt/c/Users/camil/camil_turtlebot3/install/control/lib'
[17.069s] Level 1:colcon.colcon_core.environment:checking '/mnt/c/Users/camil/camil_turtlebot3/install/control/bin'
[17.072s] Level 1:colcon.colcon_core.environment:checking '/mnt/c/Users/camil/camil_turtlebot3/install/control/lib/pkgconfig/control.pc'
[17.077s] Level 1:colcon.colcon_core.environment:checking '/mnt/c/Users/camil/camil_turtlebot3/install/control/lib/python3.12/site-packages'
[17.082s] Level 1:colcon.colcon_core.shell:create_environment_hook('control', 'pythonpath')
[17.083s] INFO:colcon.colcon_core.shell:Creating environment hook '/mnt/c/Users/camil/camil_turtlebot3/install/control/share/control/hook/pythonpath.ps1'
[17.115s] INFO:colcon.colcon_core.shell:Creating environment descriptor '/mnt/c/Users/camil/camil_turtlebot3/install/control/share/control/hook/pythonpath.dsv'
[17.148s] INFO:colcon.colcon_core.shell:Creating environment hook '/mnt/c/Users/camil/camil_turtlebot3/install/control/share/control/hook/pythonpath.sh'
[17.174s] Level 1:colcon.colcon_core.environment:checking '/mnt/c/Users/camil/camil_turtlebot3/install/control/bin'
[17.177s] Level 1:colcon.colcon_core.environment:create_environment_scripts_only(control)
[17.178s] INFO:colcon.colcon_core.shell:Creating package script '/mnt/c/Users/camil/camil_turtlebot3/install/control/share/control/package.ps1'
[17.209s] INFO:colcon.colcon_core.shell:Creating package descriptor '/mnt/c/Users/camil/camil_turtlebot3/install/control/share/control/package.dsv'
[17.235s] INFO:colcon.colcon_core.shell:Creating package script '/mnt/c/Users/camil/camil_turtlebot3/install/control/share/control/package.sh'
[17.258s] INFO:colcon.colcon_core.shell:Creating package script '/mnt/c/Users/camil/camil_turtlebot3/install/control/share/control/package.bash'
[17.286s] INFO:colcon.colcon_core.shell:Creating package script '/mnt/c/Users/camil/camil_turtlebot3/install/control/share/control/package.zsh'
[17.310s] Level 1:colcon.colcon_core.environment:create_file_with_runtime_dependencies(/mnt/c/Users/camil/camil_turtlebot3/install/control/share/colcon-core/packages/control)
[17.336s] DEBUG:colcon.colcon_parallel_executor.executor.parallel:closing loop
[17.337s] DEBUG:colcon.colcon_parallel_executor.executor.parallel:loop closed
[17.338s] DEBUG:colcon.colcon_parallel_executor.executor.parallel:run_until_complete finished with '0'
[17.339s] DEBUG:colcon.colcon_core.event_reactor:joining thread
[17.580s] INFO:colcon.colcon_core.plugin_system:Skipping extension 'colcon_notification.desktop_notification.notify_send': Could not find 'notify-send'
[17.584s] INFO:colcon.colcon_core.plugin_system:Skipping extension 'colcon_notification.desktop_notification.terminal_notifier': Not used on non-Darwin systems
[17.589s] INFO:colcon.colcon_core.plugin_system:Skipping extension 'colcon_notification.desktop_notification.win32': Not used on non-Windows systems
[17.593s] INFO:colcon.colcon_notification.desktop_notification:Sending desktop notification using 'notify2'
[17.605s] DEBUG:colcon.colcon_notification.desktop_notification.notify2:Failed to initialize notify2: org.freedesktop.DBus.Error.ServiceUnknown: The name org.freedesktop.Notifications was not provided by any .service files
[17.619s] DEBUG:colcon.colcon_core.event_reactor:joined thread
[17.624s] INFO:colcon.colcon_core.shell:Creating prefix script '/mnt/c/Users/camil/camil_turtlebot3/install/local_setup.ps1'
[17.667s] INFO:colcon.colcon_core.shell:Creating prefix util module '/mnt/c/Users/camil/camil_turtlebot3/install/_local_setup_util_ps1.py'
[17.716s] INFO:colcon.colcon_core.shell:Creating prefix chain script '/mnt/c/Users/camil/camil_turtlebot3/install/setup.ps1'
[17.765s] INFO:colcon.colcon_core.shell:Creating prefix script '/mnt/c/Users/camil/camil_turtlebot3/install/local_setup.sh'
[17.778s] INFO:colcon.colcon_core.shell:Creating prefix util module '/mnt/c/Users/camil/camil_turtlebot3/install/_local_setup_util_sh.py'
[17.795s] INFO:colcon.colcon_core.shell:Creating prefix chain script '/mnt/c/Users/camil/camil_turtlebot3/install/setup.sh'
[17.843s] INFO:colcon.colcon_core.shell:Creating prefix script '/mnt/c/Users/camil/camil_turtlebot3/install/local_setup.bash'
[17.877s] INFO:colcon.colcon_core.shell:Creating prefix chain script '/mnt/c/Users/camil/camil_turtlebot3/install/setup.bash'
[17.932s] INFO:colcon.colcon_core.shell:Creating prefix script '/mnt/c/Users/camil/camil_turtlebot3/install/local_setup.zsh'
[17.958s] INFO:colcon.colcon_core.shell:Creating prefix chain script '/mnt/c/Users/camil/camil_turtlebot3/install/setup.zsh'
