[4.413s] Invoking command in '/home/prg/Desktop/camil_turtlebot3/src/control': DEBUGINFOD_URLS=https://debuginfod.ubuntu.com PYTHONPATH=/home/prg/Desktop/camil_turtlebot3/build/control/prefix_override:/usr/lib/python3/dist-packages/colcon_core/task/python/colcon_distutils_commands:/home/prg/Desktop/camil_turtlebot3/install/control/lib/python3.12/site-packages:${PYTHONPATH} /usr/bin/python3 -W ignore:setup.py install is deprecated -W ignore:easy_install command is deprecated setup.py egg_info --egg-base ../../build/control build --build-base /home/prg/Desktop/camil_turtlebot3/build/control/build install --record /home/prg/Desktop/camil_turtlebot3/build/control/install.log --single-version-externally-managed install_data
[4.799s] running egg_info
[4.799s] creating ../../build/control/control.egg-info
[4.828s] writing ../../build/control/control.egg-info/PKG-INFO
[4.828s] writing dependency_links to ../../build/control/control.egg-info/dependency_links.txt
[4.829s] writing requirements to ../../build/control/control.egg-info/requires.txt
[4.829s] writing top-level names to ../../build/control/control.egg-info/top_level.txt
[4.830s] writing manifest file '../../build/control/control.egg-info/SOURCES.txt'
[4.888s] reading manifest file '../../build/control/control.egg-info/SOURCES.txt'
[4.888s] adding license file 'LICENSE'
[4.889s] writing manifest file '../../build/control/control.egg-info/SOURCES.txt'
[4.889s] running build
[4.889s] running build_py
[4.890s] creating /home/prg/Desktop/camil_turtlebot3/build/control/build
[4.890s] creating /home/prg/Desktop/camil_turtlebot3/build/control/build/lib
[4.890s] creating /home/prg/Desktop/camil_turtlebot3/build/control/build/lib/control
[4.891s] copying control/__init__.py -> /home/prg/Desktop/camil_turtlebot3/build/control/build/lib/control
[4.891s] running install
[4.896s] running install_lib
[4.922s] creating /home/prg/Desktop/camil_turtlebot3/install/control/lib/python3.12/site-packages/control
[4.922s] copying /home/prg/Desktop/camil_turtlebot3/build/control/build/lib/control/__init__.py -> /home/prg/Desktop/camil_turtlebot3/install/control/lib/python3.12/site-packages/control
[4.923s] byte-compiling /home/prg/Desktop/camil_turtlebot3/install/control/lib/python3.12/site-packages/control/__init__.py to __init__.cpython-312.pyc
[4.923s] running install_data
[4.924s] creating /home/prg/Desktop/camil_turtlebot3/install/control/share/ament_index
[4.924s] creating /home/prg/Desktop/camil_turtlebot3/install/control/share/ament_index/resource_index
[4.924s] creating /home/prg/Desktop/camil_turtlebot3/install/control/share/ament_index/resource_index/packages
[4.924s] copying resource/control -> /home/prg/Desktop/camil_turtlebot3/install/control/share/ament_index/resource_index/packages
[4.924s] copying package.xml -> /home/prg/Desktop/camil_turtlebot3/install/control/share/control
[4.924s] running install_egg_info
[4.955s] Copying ../../build/control/control.egg-info to /home/prg/Desktop/camil_turtlebot3/install/control/lib/python3.12/site-packages/control-0.0.0-py3.12.egg-info
[4.956s] running install_scripts
[5.144s] writing list of installed files to '/home/prg/Desktop/camil_turtlebot3/build/control/install.log'
[5.174s] Invoked command in '/home/prg/Desktop/camil_turtlebot3/src/control' returned '0': DEBUGINFOD_URLS=https://debuginfod.ubuntu.com PYTHONPATH=/home/prg/Desktop/camil_turtlebot3/build/control/prefix_override:/usr/lib/python3/dist-packages/colcon_core/task/python/colcon_distutils_commands:/home/prg/Desktop/camil_turtlebot3/install/control/lib/python3.12/site-packages:${PYTHONPATH} /usr/bin/python3 -W ignore:setup.py install is deprecated -W ignore:easy_install command is deprecated setup.py egg_info --egg-base ../../build/control build --build-base /home/prg/Desktop/camil_turtlebot3/build/control/build install --record /home/prg/Desktop/camil_turtlebot3/build/control/install.log --single-version-externally-managed install_data
