[3.082s] Invoking command in '/mnt/c/Users/camil/camil_turtlebot3/src/control': PYTHONPATH=/mnt/c/Users/camil/camil_turtlebot3/build/control/prefix_override:/usr/lib/python3/dist-packages/colcon_core/task/python/colcon_distutils_commands:/mnt/c/Users/camil/camil_turtlebot3/install/control/lib/python3.12/site-packages:${PYTHONPATH} /usr/bin/python3 -W ignore:setup.py install is deprecated -W ignore:easy_install command is deprecated setup.py egg_info --egg-base ../../build/control build --build-base /mnt/c/Users/camil/camil_turtlebot3/build/control/build install --record /mnt/c/Users/camil/camil_turtlebot3/build/control/install.log --single-version-externally-managed install_data
[3.917s] running egg_info
[3.957s] writing ../../build/control/control.egg-info/PKG-INFO
[3.972s] writing dependency_links to ../../build/control/control.egg-info/dependency_links.txt
[3.980s] writing entry points to ../../build/control/control.egg-info/entry_points.txt
[3.989s] writing requirements to ../../build/control/control.egg-info/requires.txt
[4.001s] writing top-level names to ../../build/control/control.egg-info/top_level.txt
[4.103s] reading manifest file '../../build/control/control.egg-info/SOURCES.txt'
[4.176s] adding license file 'LICENSE'
[4.200s] writing manifest file '../../build/control/control.egg-info/SOURCES.txt'
[4.203s] running build
[4.206s] running build_py
[4.233s] running install
[4.243s] running install_lib
[4.376s] running install_data
[4.406s] running install_egg_info
[4.460s] removing '/mnt/c/Users/camil/camil_turtlebot3/install/control/lib/python3.12/site-packages/control-0.0.0-py3.12.egg-info' (and everything under it)
[4.524s] Copying ../../build/control/control.egg-info to /mnt/c/Users/camil/camil_turtlebot3/install/control/lib/python3.12/site-packages/control-0.0.0-py3.12.egg-info
[4.773s] running install_scripts
[5.064s] Installing my_node script to /mnt/c/Users/camil/camil_turtlebot3/install/control/lib/control
[5.097s] writing list of installed files to '/mnt/c/Users/camil/camil_turtlebot3/build/control/install.log'
[5.140s] Invoked command in '/mnt/c/Users/camil/camil_turtlebot3/src/control' returned '0': PYTHONPATH=/mnt/c/Users/camil/camil_turtlebot3/build/control/prefix_override:/usr/lib/python3/dist-packages/colcon_core/task/python/colcon_distutils_commands:/mnt/c/Users/camil/camil_turtlebot3/install/control/lib/python3.12/site-packages:${PYTHONPATH} /usr/bin/python3 -W ignore:setup.py install is deprecated -W ignore:easy_install command is deprecated setup.py egg_info --egg-base ../../build/control build --build-base /mnt/c/Users/camil/camil_turtlebot3/build/control/build install --record /mnt/c/Users/camil/camil_turtlebot3/build/control/install.log --single-version-externally-managed install_data
