[0.918s] DEBUG:colcon:Command line arguments: ['/usr/bin/colcon', 'build', '--symlink-install']
[0.919s] DEBUG:colcon:Parsed command line arguments: Namespace(log_base=None, log_level=None, verb_name='build', build_base='build', install_base='install', merge_install=False, symlink_install=True, test_result_base=None, continue_on_error=False, executor='parallel', parallel_workers=8, event_handlers=None, ignore_user_meta=False, metas=['./colcon.meta'], base_paths=['.'], packages_ignore=None, packages_ignore_regex=None, paths=None, packages_up_to=None, packages_up_to_regex=None, packages_above=None, packages_above_and_dependencies=None, packages_above_depth=None, packages_select_by_dep=None, packages_skip_by_dep=None, packages_skip_up_to=None, packages_select_build_failed=False, packages_skip_build_finished=False, packages_select_test_failures=False, packages_skip_test_passed=False, packages_select=None, packages_skip=None, packages_select_regex=None, packages_skip_regex=None, packages_start=None, packages_end=None, allow_overriding=[], cmake_args=None, cmake_target=None, cmake_target_skip_unavailable=False, cmake_clean_cache=False, cmake_clean_first=False, cmake_force_configure=False, ament_cmake_args=None, catkin_cmake_args=None, catkin_skip_building_tests=False, mixin_files=None, mixin=None, verb_parser=<colcon_mixin.mixin.mixin_argument.MixinArgumentDecorator object at 0x77e8b6a77020>, verb_extension=<colcon_core.verb.build.BuildVerb object at 0x77e8b6bcd280>, main=<bound method BuildVerb.main of <colcon_core.verb.build.BuildVerb object at 0x77e8b6bcd280>>, mixin_verb=('build',))
[1.104s] Level 1:colcon.colcon_core.package_discovery:discover_packages(colcon_meta) check parameters
[1.106s] Level 1:colcon.colcon_core.package_discovery:discover_packages(recursive) check parameters
[1.107s] Level 1:colcon.colcon_core.package_discovery:discover_packages(ignore) check parameters
[1.109s] Level 1:colcon.colcon_core.package_discovery:discover_packages(path) check parameters
[1.112s] Level 1:colcon.colcon_core.package_discovery:discover_packages(colcon_meta) discover
[1.113s] Level 1:colcon.colcon_core.package_discovery:discover_packages(recursive) discover
[1.113s] INFO:colcon.colcon_core.package_discovery:Crawling recursively for packages in '/mnt/c/Users/camil/camil_turtlebot3'
[1.117s] Level 1:colcon.colcon_core.package_identification:_identify(.) by extensions ['ignore', 'ignore_ament_install']
[1.118s] Level 1:colcon.colcon_core.package_identification:_identify(.) by extension 'ignore'
[1.119s] Level 1:colcon.colcon_core.package_identification:_identify(.) by extension 'ignore_ament_install'
[1.120s] Level 1:colcon.colcon_core.package_identification:_identify(.) by extensions ['colcon_pkg']
[1.122s] Level 1:colcon.colcon_core.package_identification:_identify(.) by extension 'colcon_pkg'
[1.126s] Level 1:colcon.colcon_core.package_identification:_identify(.) by extensions ['colcon_meta']
[1.127s] Level 1:colcon.colcon_core.package_identification:_identify(.) by extension 'colcon_meta'
[1.127s] Level 1:colcon.colcon_core.package_identification:_identify(.) by extensions ['ros']
[1.130s] Level 1:colcon.colcon_core.package_identification:_identify(.) by extension 'ros'
[1.227s] Level 1:colcon.colcon_core.package_identification:_identify(.) by extensions ['cmake', 'python']
[1.228s] Level 1:colcon.colcon_core.package_identification:_identify(.) by extension 'cmake'
[1.229s] Level 1:colcon.colcon_core.package_identification:_identify(.) by extension 'python'
[1.232s] Level 1:colcon.colcon_core.package_identification:_identify(.) by extensions ['python_setup_py']
[1.233s] Level 1:colcon.colcon_core.package_identification:_identify(.) by extension 'python_setup_py'
[1.239s] Level 1:colcon.colcon_core.package_identification:_identify(build) by extensions ['ignore', 'ignore_ament_install']
[1.240s] Level 1:colcon.colcon_core.package_identification:_identify(build) by extension 'ignore'
[1.242s] Level 1:colcon.colcon_core.package_identification:_identify(build) ignored
[1.248s] Level 1:colcon.colcon_core.package_identification:_identify(install) by extensions ['ignore', 'ignore_ament_install']
[1.249s] Level 1:colcon.colcon_core.package_identification:_identify(install) by extension 'ignore'
[1.253s] Level 1:colcon.colcon_core.package_identification:_identify(install) ignored
[1.257s] Level 1:colcon.colcon_core.package_identification:_identify(log) by extensions ['ignore', 'ignore_ament_install']
[1.261s] Level 1:colcon.colcon_core.package_identification:_identify(log) by extension 'ignore'
[1.263s] Level 1:colcon.colcon_core.package_identification:_identify(log) ignored
[1.269s] Level 1:colcon.colcon_core.package_identification:_identify(src) by extensions ['ignore', 'ignore_ament_install']
[1.270s] Level 1:colcon.colcon_core.package_identification:_identify(src) by extension 'ignore'
[1.273s] Level 1:colcon.colcon_core.package_identification:_identify(src) by extension 'ignore_ament_install'
[1.277s] Level 1:colcon.colcon_core.package_identification:_identify(src) by extensions ['colcon_pkg']
[1.279s] Level 1:colcon.colcon_core.package_identification:_identify(src) by extension 'colcon_pkg'
[1.282s] Level 1:colcon.colcon_core.package_identification:_identify(src) by extensions ['colcon_meta']
[1.284s] Level 1:colcon.colcon_core.package_identification:_identify(src) by extension 'colcon_meta'
[1.287s] Level 1:colcon.colcon_core.package_identification:_identify(src) by extensions ['ros']
[1.288s] Level 1:colcon.colcon_core.package_identification:_identify(src) by extension 'ros'
[1.295s] Level 1:colcon.colcon_core.package_identification:_identify(src) by extensions ['cmake', 'python']
[1.296s] Level 1:colcon.colcon_core.package_identification:_identify(src) by extension 'cmake'
[1.299s] Level 1:colcon.colcon_core.package_identification:_identify(src) by extension 'python'
[1.301s] Level 1:colcon.colcon_core.package_identification:_identify(src) by extensions ['python_setup_py']
[1.302s] Level 1:colcon.colcon_core.package_identification:_identify(src) by extension 'python_setup_py'
[1.311s] Level 1:colcon.colcon_core.package_identification:_identify(src/control) by extensions ['ignore', 'ignore_ament_install']
[1.313s] Level 1:colcon.colcon_core.package_identification:_identify(src/control) by extension 'ignore'
[1.316s] Level 1:colcon.colcon_core.package_identification:_identify(src/control) by extension 'ignore_ament_install'
[1.321s] Level 1:colcon.colcon_core.package_identification:_identify(src/control) by extensions ['colcon_pkg']
[1.322s] Level 1:colcon.colcon_core.package_identification:_identify(src/control) by extension 'colcon_pkg'
[1.327s] Level 1:colcon.colcon_core.package_identification:_identify(src/control) by extensions ['colcon_meta']
[1.331s] Level 1:colcon.colcon_core.package_identification:_identify(src/control) by extension 'colcon_meta'
[1.337s] Level 1:colcon.colcon_core.package_identification:_identify(src/control) by extensions ['ros']
[1.338s] Level 1:colcon.colcon_core.package_identification:_identify(src/control) by extension 'ros'
[1.366s] DEBUG:colcon.colcon_core.package_identification:Package 'src/control' with type 'ros.ament_python' and name 'control'
[1.367s] Level 1:colcon.colcon_core.package_discovery:discover_packages(recursive) using defaults
[1.367s] Level 1:colcon.colcon_core.package_discovery:discover_packages(ignore) discover
[1.368s] Level 1:colcon.colcon_core.package_discovery:discover_packages(ignore) using defaults
[1.369s] Level 1:colcon.colcon_core.package_discovery:discover_packages(path) discover
[1.369s] Level 1:colcon.colcon_core.package_discovery:discover_packages(path) using defaults
[1.506s] Level 1:colcon.colcon_core.package_discovery:discover_packages(prefix_path) check parameters
[1.507s] Level 1:colcon.colcon_core.package_discovery:discover_packages(prefix_path) discover
[1.588s] DEBUG:colcon.colcon_installed_package_information.package_discovery:Found 1 installed packages in /mnt/c/Users/camil/camil_turtlebot3/install
[1.591s] DEBUG:colcon.colcon_installed_package_information.package_discovery:Found 15 installed packages in /home/camil/turtlebot3_ws/install
[1.596s] DEBUG:colcon.colcon_installed_package_information.package_discovery:Found 385 installed packages in /opt/ros/jazzy
[1.600s] Level 1:colcon.colcon_core.package_discovery:discover_packages(prefix_path) using defaults
[1.759s] Level 5:colcon.colcon_core.verb:set package 'control' build argument 'cmake_args' from command line to 'None'
[1.764s] Level 5:colcon.colcon_core.verb:set package 'control' build argument 'cmake_target' from command line to 'None'
[1.766s] Level 5:colcon.colcon_core.verb:set package 'control' build argument 'cmake_target_skip_unavailable' from command line to 'False'
[1.768s] Level 5:colcon.colcon_core.verb:set package 'control' build argument 'cmake_clean_cache' from command line to 'False'
[1.769s] Level 5:colcon.colcon_core.verb:set package 'control' build argument 'cmake_clean_first' from command line to 'False'
[1.770s] Level 5:colcon.colcon_core.verb:set package 'control' build argument 'cmake_force_configure' from command line to 'False'
[1.771s] Level 5:colcon.colcon_core.verb:set package 'control' build argument 'ament_cmake_args' from command line to 'None'
[1.771s] Level 5:colcon.colcon_core.verb:set package 'control' build argument 'catkin_cmake_args' from command line to 'None'
[1.772s] Level 5:colcon.colcon_core.verb:set package 'control' build argument 'catkin_skip_building_tests' from command line to 'False'
[1.773s] DEBUG:colcon.colcon_core.verb:Building package 'control' with the following arguments: {'ament_cmake_args': None, 'build_base': '/mnt/c/Users/camil/camil_turtlebot3/build/control', 'catkin_cmake_args': None, 'catkin_skip_building_tests': False, 'cmake_args': None, 'cmake_clean_cache': False, 'cmake_clean_first': False, 'cmake_force_configure': False, 'cmake_target': None, 'cmake_target_skip_unavailable': False, 'install_base': '/mnt/c/Users/camil/camil_turtlebot3/install/control', 'merge_install': False, 'path': '/mnt/c/Users/camil/camil_turtlebot3/src/control', 'symlink_install': True, 'test_result_base': None}
[1.774s] INFO:colcon.colcon_core.executor:Executing jobs using 'parallel' executor
[1.776s] DEBUG:colcon.colcon_parallel_executor.executor.parallel:run_until_complete
[1.778s] INFO:colcon.colcon_ros.task.ament_python.build:Building ROS package in '/mnt/c/Users/camil/camil_turtlebot3/src/control' with build type 'ament_python'
[1.781s] Level 1:colcon.colcon_core.shell:create_environment_hook('control', 'ament_prefix_path')
[1.814s] INFO:colcon.colcon_core.plugin_system:Skipping extension 'colcon_core.shell.bat': Not used on non-Windows systems
[1.816s] INFO:colcon.colcon_core.shell:Creating environment hook '/mnt/c/Users/camil/camil_turtlebot3/install/control/share/control/hook/ament_prefix_path.ps1'
[1.856s] INFO:colcon.colcon_core.shell:Creating environment descriptor '/mnt/c/Users/camil/camil_turtlebot3/install/control/share/control/hook/ament_prefix_path.dsv'
[1.882s] INFO:colcon.colcon_core.shell:Creating environment hook '/mnt/c/Users/camil/camil_turtlebot3/install/control/share/control/hook/ament_prefix_path.sh'
[1.924s] INFO:colcon.colcon_core.shell:Skip shell extension 'powershell' for command environment: Not usable outside of PowerShell
[1.925s] DEBUG:colcon.colcon_core.shell:Skip shell extension 'dsv' for command environment
[3.587s] INFO:colcon.colcon_core.task.python.build:Building Python package in '/mnt/c/Users/camil/camil_turtlebot3/src/control'
[3.588s] INFO:colcon.colcon_core.shell:Skip shell extension 'powershell' for command environment: Not usable outside of PowerShell
[3.589s] DEBUG:colcon.colcon_core.shell:Skip shell extension 'dsv' for command environment
[8.610s] DEBUG:colcon.colcon_core.event_handler.log_command:Invoking command in '/mnt/c/Users/camil/camil_turtlebot3/build/control': PYTHONPATH=/mnt/c/Users/camil/camil_turtlebot3/build/control/prefix_override:/usr/lib/python3/dist-packages/colcon_core/task/python/colcon_distutils_commands:/mnt/c/Users/camil/camil_turtlebot3/install/control/lib/python3.12/site-packages:${PYTHONPATH} /usr/bin/python3 -W ignore:setup.py install is deprecated -W ignore:easy_install command is deprecated setup.py develop --editable --build-directory /mnt/c/Users/camil/camil_turtlebot3/build/control/build --no-deps symlink_data
[12.993s] Level 1:colcon.colcon_core.shell:create_environment_hook('control', 'pythonpath_develop')
[12.995s] INFO:colcon.colcon_core.shell:Creating environment hook '/mnt/c/Users/camil/camil_turtlebot3/build/control/share/control/hook/pythonpath_develop.ps1'
[12.997s] DEBUG:colcon.colcon_core.event_handler.log_command:Invoked command in '/mnt/c/Users/camil/camil_turtlebot3/build/control' returned '0': PYTHONPATH=/mnt/c/Users/camil/camil_turtlebot3/build/control/prefix_override:/usr/lib/python3/dist-packages/colcon_core/task/python/colcon_distutils_commands:/mnt/c/Users/camil/camil_turtlebot3/install/control/lib/python3.12/site-packages:${PYTHONPATH} /usr/bin/python3 -W ignore:setup.py install is deprecated -W ignore:easy_install command is deprecated setup.py develop --editable --build-directory /mnt/c/Users/camil/camil_turtlebot3/build/control/build --no-deps symlink_data
[13.038s] INFO:colcon.colcon_core.shell:Creating environment descriptor '/mnt/c/Users/camil/camil_turtlebot3/build/control/share/control/hook/pythonpath_develop.dsv'
[13.072s] INFO:colcon.colcon_core.shell:Creating environment hook '/mnt/c/Users/camil/camil_turtlebot3/build/control/share/control/hook/pythonpath_develop.sh'
[13.114s] Level 1:colcon.colcon_core.environment:checking '/mnt/c/Users/camil/camil_turtlebot3/install/control' for CMake module files
[13.230s] Level 1:colcon.colcon_core.environment:checking '/mnt/c/Users/camil/camil_turtlebot3/install/control' for CMake config files
[13.367s] Level 1:colcon.colcon_core.environment:checking '/mnt/c/Users/camil/camil_turtlebot3/install/control/lib'
[13.376s] Level 1:colcon.colcon_core.environment:checking '/mnt/c/Users/camil/camil_turtlebot3/install/control/bin'
[13.379s] Level 1:colcon.colcon_core.environment:checking '/mnt/c/Users/camil/camil_turtlebot3/install/control/lib/pkgconfig/control.pc'
[13.391s] Level 1:colcon.colcon_core.environment:checking '/mnt/c/Users/camil/camil_turtlebot3/install/control/lib/python3.12/site-packages'
[13.397s] Level 1:colcon.colcon_core.shell:create_environment_hook('control', 'pythonpath')
[13.400s] INFO:colcon.colcon_core.shell:Creating environment hook '/mnt/c/Users/camil/camil_turtlebot3/install/control/share/control/hook/pythonpath.ps1'
[13.427s] INFO:colcon.colcon_core.shell:Creating environment descriptor '/mnt/c/Users/camil/camil_turtlebot3/install/control/share/control/hook/pythonpath.dsv'
[13.469s] INFO:colcon.colcon_core.shell:Creating environment hook '/mnt/c/Users/camil/camil_turtlebot3/install/control/share/control/hook/pythonpath.sh'
[13.502s] Level 1:colcon.colcon_core.environment:checking '/mnt/c/Users/camil/camil_turtlebot3/install/control/bin'
[13.505s] Level 1:colcon.colcon_core.environment:create_environment_scripts_only(control)
[13.506s] INFO:colcon.colcon_core.shell:Creating package script '/mnt/c/Users/camil/camil_turtlebot3/install/control/share/control/package.ps1'
[13.528s] INFO:colcon.colcon_core.shell:Creating package descriptor '/mnt/c/Users/camil/camil_turtlebot3/install/control/share/control/package.dsv'
[13.554s] INFO:colcon.colcon_core.shell:Creating package script '/mnt/c/Users/camil/camil_turtlebot3/install/control/share/control/package.sh'
[13.577s] INFO:colcon.colcon_core.shell:Creating package script '/mnt/c/Users/camil/camil_turtlebot3/install/control/share/control/package.bash'
[13.606s] INFO:colcon.colcon_core.shell:Creating package script '/mnt/c/Users/camil/camil_turtlebot3/install/control/share/control/package.zsh'
[13.640s] Level 1:colcon.colcon_core.environment:create_file_with_runtime_dependencies(/mnt/c/Users/camil/camil_turtlebot3/install/control/share/colcon-core/packages/control)
[13.658s] DEBUG:colcon.colcon_parallel_executor.executor.parallel:closing loop
[13.660s] DEBUG:colcon.colcon_parallel_executor.executor.parallel:loop closed
[13.662s] DEBUG:colcon.colcon_parallel_executor.executor.parallel:run_until_complete finished with '0'
[13.664s] DEBUG:colcon.colcon_core.event_reactor:joining thread
[13.854s] INFO:colcon.colcon_core.plugin_system:Skipping extension 'colcon_notification.desktop_notification.notify_send': Could not find 'notify-send'
[13.856s] INFO:colcon.colcon_core.plugin_system:Skipping extension 'colcon_notification.desktop_notification.terminal_notifier': Not used on non-Darwin systems
[13.857s] INFO:colcon.colcon_core.plugin_system:Skipping extension 'colcon_notification.desktop_notification.win32': Not used on non-Windows systems
[13.858s] INFO:colcon.colcon_notification.desktop_notification:Sending desktop notification using 'notify2'
[13.861s] DEBUG:colcon.colcon_notification.desktop_notification.notify2:Failed to initialize notify2: org.freedesktop.DBus.Error.ServiceUnknown: The name org.freedesktop.Notifications was not provided by any .service files
[13.863s] DEBUG:colcon.colcon_core.event_reactor:joined thread
[13.865s] INFO:colcon.colcon_core.shell:Creating prefix script '/mnt/c/Users/camil/camil_turtlebot3/install/local_setup.ps1'
[13.878s] INFO:colcon.colcon_core.shell:Creating prefix util module '/mnt/c/Users/camil/camil_turtlebot3/install/_local_setup_util_ps1.py'
[13.891s] INFO:colcon.colcon_core.shell:Creating prefix chain script '/mnt/c/Users/camil/camil_turtlebot3/install/setup.ps1'
[13.923s] INFO:colcon.colcon_core.shell:Creating prefix script '/mnt/c/Users/camil/camil_turtlebot3/install/local_setup.sh'
[13.940s] INFO:colcon.colcon_core.shell:Creating prefix util module '/mnt/c/Users/camil/camil_turtlebot3/install/_local_setup_util_sh.py'
[13.953s] INFO:colcon.colcon_core.shell:Creating prefix chain script '/mnt/c/Users/camil/camil_turtlebot3/install/setup.sh'
[13.981s] INFO:colcon.colcon_core.shell:Creating prefix script '/mnt/c/Users/camil/camil_turtlebot3/install/local_setup.bash'
[13.997s] INFO:colcon.colcon_core.shell:Creating prefix chain script '/mnt/c/Users/camil/camil_turtlebot3/install/setup.bash'
[14.032s] INFO:colcon.colcon_core.shell:Creating prefix script '/mnt/c/Users/camil/camil_turtlebot3/install/local_setup.zsh'
[14.047s] INFO:colcon.colcon_core.shell:Creating prefix chain script '/mnt/c/Users/camil/camil_turtlebot3/install/setup.zsh'
