running egg_info
creating ../../build/control/control.egg-info
writing ../../build/control/control.egg-info/PKG-INFO
writing dependency_links to ../../build/control/control.egg-info/dependency_links.txt
writing entry points to ../../build/control/control.egg-info/entry_points.txt
writing requirements to ../../build/control/control.egg-info/requires.txt
writing top-level names to ../../build/control/control.egg-info/top_level.txt
writing manifest file '../../build/control/control.egg-info/SOURCES.txt'
reading manifest file '../../build/control/control.egg-info/SOURCES.txt'
adding license file 'LICENSE'
writing manifest file '../../build/control/control.egg-info/SOURCES.txt'
running build
running build_py
creating /home/prg/Desktop/camil_turtlebot3/build/control/build
creating /home/prg/Desktop/camil_turtlebot3/build/control/build/lib
creating /home/prg/Desktop/camil_turtlebot3/build/control/build/lib/control
copying control/my_node.py -> /home/prg/Desktop/camil_turtlebot3/build/control/build/lib/control
copying control/__init__.py -> /home/prg/Desktop/camil_turtlebot3/build/control/build/lib/control
running install
running install_lib
creating /home/prg/Desktop/camil_turtlebot3/install/control/lib/python3.12/site-packages/control
copying /home/prg/Desktop/camil_turtlebot3/build/control/build/lib/control/my_node.py -> /home/prg/Desktop/camil_turtlebot3/install/control/lib/python3.12/site-packages/control
copying /home/prg/Desktop/camil_turtlebot3/build/control/build/lib/control/__init__.py -> /home/prg/Desktop/camil_turtlebot3/install/control/lib/python3.12/site-packages/control
byte-compiling /home/prg/Desktop/camil_turtlebot3/install/control/lib/python3.12/site-packages/control/my_node.py to my_node.cpython-312.pyc
byte-compiling /home/prg/Desktop/camil_turtlebot3/install/control/lib/python3.12/site-packages/control/__init__.py to __init__.cpython-312.pyc
running install_data
creating /home/prg/Desktop/camil_turtlebot3/install/control/share/ament_index
creating /home/prg/Desktop/camil_turtlebot3/install/control/share/ament_index/resource_index
creating /home/prg/Desktop/camil_turtlebot3/install/control/share/ament_index/resource_index/packages
copying resource/control -> /home/prg/Desktop/camil_turtlebot3/install/control/share/ament_index/resource_index/packages
copying package.xml -> /home/prg/Desktop/camil_turtlebot3/install/control/share/control
running install_egg_info
Copying ../../build/control/control.egg-info to /home/prg/Desktop/camil_turtlebot3/install/control/lib/python3.12/site-packages/control-0.0.0-py3.12.egg-info
running install_scripts
Installing my_node script to /home/prg/Desktop/camil_turtlebot3/install/control/lib/control
writing list of installed files to '/home/prg/Desktop/camil_turtlebot3/build/control/install.log'
