[1.198s] Invoking command in '/home/prg/Desktop/camil_turtlebot3/src/control': DEBUGINFOD_URLS=https://debuginfod.ubuntu.com PYTHONPATH=/home/prg/Desktop/camil_turtlebot3/build/control/prefix_override:/usr/lib/python3/dist-packages/colcon_core/task/python/colcon_distutils_commands:/home/prg/Desktop/camil_turtlebot3/install/control/lib/python3.12/site-packages:${PYTHONPATH} /usr/bin/python3 -W ignore:setup.py install is deprecated -W ignore:easy_install command is deprecated setup.py egg_info --egg-base ../../build/control build --build-base /home/prg/Desktop/camil_turtlebot3/build/control/build install --record /home/prg/Desktop/camil_turtlebot3/build/control/install.log --single-version-externally-managed install_data
[1.555s] running egg_info
[1.555s] creating ../../build/control/control.egg-info
[1.583s] writing ../../build/control/control.egg-info/PKG-INFO
[1.583s] writing dependency_links to ../../build/control/control.egg-info/dependency_links.txt
[1.583s] writing entry points to ../../build/control/control.egg-info/entry_points.txt
[1.584s] writing requirements to ../../build/control/control.egg-info/requires.txt
[1.584s] writing top-level names to ../../build/control/control.egg-info/top_level.txt
[1.584s] writing manifest file '../../build/control/control.egg-info/SOURCES.txt'
[1.642s] reading manifest file '../../build/control/control.egg-info/SOURCES.txt'
[1.642s] adding license file 'LICENSE'
[1.642s] writing manifest file '../../build/control/control.egg-info/SOURCES.txt'
[1.642s] running build
[1.643s] running build_py
[1.643s] creating /home/prg/Desktop/camil_turtlebot3/build/control/build
[1.643s] creating /home/prg/Desktop/camil_turtlebot3/build/control/build/lib
[1.643s] creating /home/prg/Desktop/camil_turtlebot3/build/control/build/lib/control
[1.643s] copying control/my_node.py -> /home/prg/Desktop/camil_turtlebot3/build/control/build/lib/control
[1.643s] copying control/__init__.py -> /home/prg/Desktop/camil_turtlebot3/build/control/build/lib/control
[1.644s] running install
[1.650s] running install_lib
[1.680s] creating /home/prg/Desktop/camil_turtlebot3/install/control/lib/python3.12/site-packages/control
[1.680s] copying /home/prg/Desktop/camil_turtlebot3/build/control/build/lib/control/my_node.py -> /home/prg/Desktop/camil_turtlebot3/install/control/lib/python3.12/site-packages/control
[1.680s] copying /home/prg/Desktop/camil_turtlebot3/build/control/build/lib/control/__init__.py -> /home/prg/Desktop/camil_turtlebot3/install/control/lib/python3.12/site-packages/control
[1.680s] byte-compiling /home/prg/Desktop/camil_turtlebot3/install/control/lib/python3.12/site-packages/control/my_node.py to my_node.cpython-312.pyc
[1.680s] byte-compiling /home/prg/Desktop/camil_turtlebot3/install/control/lib/python3.12/site-packages/control/__init__.py to __init__.cpython-312.pyc
[1.681s] running install_data
[1.681s] creating /home/prg/Desktop/camil_turtlebot3/install/control/share/ament_index
[1.681s] creating /home/prg/Desktop/camil_turtlebot3/install/control/share/ament_index/resource_index
[1.681s] creating /home/prg/Desktop/camil_turtlebot3/install/control/share/ament_index/resource_index/packages
[1.681s] copying resource/control -> /home/prg/Desktop/camil_turtlebot3/install/control/share/ament_index/resource_index/packages
[1.681s] copying package.xml -> /home/prg/Desktop/camil_turtlebot3/install/control/share/control
[1.682s] running install_egg_info
[1.712s] Copying ../../build/control/control.egg-info to /home/prg/Desktop/camil_turtlebot3/install/control/lib/python3.12/site-packages/control-0.0.0-py3.12.egg-info
[1.713s] running install_scripts
[1.906s] Installing my_node script to /home/prg/Desktop/camil_turtlebot3/install/control/lib/control
[1.906s] writing list of installed files to '/home/prg/Desktop/camil_turtlebot3/build/control/install.log'
[1.943s] Invoked command in '/home/prg/Desktop/camil_turtlebot3/src/control' returned '0': DEBUGINFOD_URLS=https://debuginfod.ubuntu.com PYTHONPATH=/home/prg/Desktop/camil_turtlebot3/build/control/prefix_override:/usr/lib/python3/dist-packages/colcon_core/task/python/colcon_distutils_commands:/home/prg/Desktop/camil_turtlebot3/install/control/lib/python3.12/site-packages:${PYTHONPATH} /usr/bin/python3 -W ignore:setup.py install is deprecated -W ignore:easy_install command is deprecated setup.py egg_info --egg-base ../../build/control build --build-base /home/prg/Desktop/camil_turtlebot3/build/control/build install --record /home/prg/Desktop/camil_turtlebot3/build/control/install.log --single-version-externally-managed install_data
