running egg_info
writing ../../build/control/control.egg-info/PKG-INFO
writing dependency_links to ../../build/control/control.egg-info/dependency_links.txt
writing entry points to ../../build/control/control.egg-info/entry_points.txt
writing requirements to ../../build/control/control.egg-info/requires.txt
writing top-level names to ../../build/control/control.egg-info/top_level.txt
reading manifest file '../../build/control/control.egg-info/SOURCES.txt'
adding license file 'LICENSE'
writing manifest file '../../build/control/control.egg-info/SOURCES.txt'
running build
running build_py
copying control/test.py -> /mnt/c/Users/camil/camil_turtlebot3/build/control/build/lib/control
running install
running install_lib
copying /mnt/c/Users/camil/camil_turtlebot3/build/control/build/lib/control/test.py -> /mnt/c/Users/camil/camil_turtlebot3/install/control/lib/python3.12/site-packages/control
byte-compiling /mnt/c/Users/camil/camil_turtlebot3/install/control/lib/python3.12/site-packages/control/test.py to test.cpython-312.pyc
running install_data
running install_egg_info
removing '/mnt/c/Users/camil/camil_turtlebot3/install/control/lib/python3.12/site-packages/control-0.0.0-py3.12.egg-info' (and everything under it)
Copying ../../build/control/control.egg-info to /mnt/c/Users/camil/camil_turtlebot3/install/control/lib/python3.12/site-packages/control-0.0.0-py3.12.egg-info
running install_scripts
Installing my_node script to /mnt/c/Users/camil/camil_turtlebot3/install/control/lib/control
writing list of installed files to '/mnt/c/Users/camil/camil_turtlebot3/build/control/install.log'
