[1.045s] Invoking command in '/home/prg/Desktop/camil_turtlebot3/src/control': DEBUGINFOD_URLS=https://debuginfod.ubuntu.com PYTHONPATH=/home/prg/Desktop/camil_turtlebot3/build/control/prefix_override:/usr/lib/python3/dist-packages/colcon_core/task/python/colcon_distutils_commands:/home/prg/Desktop/camil_turtlebot3/install/control/lib/python3.12/site-packages:${PYTHONPATH} /usr/bin/python3 -W ignore:setup.py install is deprecated -W ignore:easy_install command is deprecated setup.py egg_info --egg-base ../../build/control build --build-base /home/prg/Desktop/camil_turtlebot3/build/control/build install --record /home/prg/Desktop/camil_turtlebot3/build/control/install.log --single-version-externally-managed install_data
[1.377s] running egg_info
[1.405s] writing ../../build/control/control.egg-info/PKG-INFO
[1.405s] writing dependency_links to ../../build/control/control.egg-info/dependency_links.txt
[1.405s] writing entry points to ../../build/control/control.egg-info/entry_points.txt
[1.405s] writing requirements to ../../build/control/control.egg-info/requires.txt
[1.406s] writing top-level names to ../../build/control/control.egg-info/top_level.txt
[1.469s] reading manifest file '../../build/control/control.egg-info/SOURCES.txt'
[1.469s] adding license file 'LICENSE'
[1.470s] writing manifest file '../../build/control/control.egg-info/SOURCES.txt'
[1.470s] running build
[1.471s] running build_py
[1.471s] copying control/maze.py -> /home/prg/Desktop/camil_turtlebot3/build/control/build/lib/control
[1.471s] running install
[1.477s] running install_lib
[1.503s] copying /home/prg/Desktop/camil_turtlebot3/build/control/build/lib/control/maze.py -> /home/prg/Desktop/camil_turtlebot3/install/control/lib/python3.12/site-packages/control
[1.503s] byte-compiling /home/prg/Desktop/camil_turtlebot3/install/control/lib/python3.12/site-packages/control/maze.py to maze.cpython-312.pyc
[1.504s] Sorry: IndentationError: expected an indented block after class definition on line 4 (maze.py, line 5)
[1.505s] running install_data
[1.505s] running install_egg_info
[1.536s] removing '/home/prg/Desktop/camil_turtlebot3/install/control/lib/python3.12/site-packages/control-0.0.0-py3.12.egg-info' (and everything under it)
[1.537s] Copying ../../build/control/control.egg-info to /home/prg/Desktop/camil_turtlebot3/install/control/lib/python3.12/site-packages/control-0.0.0-py3.12.egg-info
[1.538s] running install_scripts
[1.723s] Installing test script to /home/prg/Desktop/camil_turtlebot3/install/control/lib/control
[1.724s] writing list of installed files to '/home/prg/Desktop/camil_turtlebot3/build/control/install.log'
[1.755s] Invoked command in '/home/prg/Desktop/camil_turtlebot3/src/control' returned '0': DEBUGINFOD_URLS=https://debuginfod.ubuntu.com PYTHONPATH=/home/prg/Desktop/camil_turtlebot3/build/control/prefix_override:/usr/lib/python3/dist-packages/colcon_core/task/python/colcon_distutils_commands:/home/prg/Desktop/camil_turtlebot3/install/control/lib/python3.12/site-packages:${PYTHONPATH} /usr/bin/python3 -W ignore:setup.py install is deprecated -W ignore:easy_install command is deprecated setup.py egg_info --egg-base ../../build/control build --build-base /home/prg/Desktop/camil_turtlebot3/build/control/build install --record /home/prg/Desktop/camil_turtlebot3/build/control/install.log --single-version-externally-managed install_data
