[0.792s] DEBUG:colcon:Command line arguments: ['/usr/bin/colcon', 'build', '--symlink-install']
[0.793s] DEBUG:colcon:Parsed command line arguments: Namespace(log_base=None, log_level=None, verb_name='build', build_base='build', install_base='install', merge_install=False, symlink_install=True, test_result_base=None, continue_on_error=False, executor='parallel', parallel_workers=8, event_handlers=None, ignore_user_meta=False, metas=['./colcon.meta'], base_paths=['.'], packages_ignore=None, packages_ignore_regex=None, paths=None, packages_up_to=None, packages_up_to_regex=None, packages_above=None, packages_above_and_dependencies=None, packages_above_depth=None, packages_select_by_dep=None, packages_skip_by_dep=None, packages_skip_up_to=None, packages_select_build_failed=False, packages_skip_build_finished=False, packages_select_test_failures=False, packages_skip_test_passed=False, packages_select=None, packages_skip=None, packages_select_regex=None, packages_skip_regex=None, packages_start=None, packages_end=None, allow_overriding=[], cmake_args=None, cmake_target=None, cmake_target_skip_unavailable=False, cmake_clean_cache=False, cmake_clean_first=False, cmake_force_configure=False, ament_cmake_args=None, catkin_cmake_args=None, catkin_skip_building_tests=False, mixin_files=None, mixin=None, verb_parser=<colcon_mixin.mixin.mixin_argument.MixinArgumentDecorator object at 0x72fe6321d6a0>, verb_extension=<colcon_core.verb.build.BuildVerb object at 0x72fe632cd280>, main=<bound method BuildVerb.main of <colcon_core.verb.build.BuildVerb object at 0x72fe632cd280>>, mixin_verb=('build',))
[0.942s] Level 1:colcon.colcon_core.package_discovery:discover_packages(colcon_meta) check parameters
[0.943s] Level 1:colcon.colcon_core.package_discovery:discover_packages(recursive) check parameters
[0.944s] Level 1:colcon.colcon_core.package_discovery:discover_packages(ignore) check parameters
[0.945s] Level 1:colcon.colcon_core.package_discovery:discover_packages(path) check parameters
[0.945s] Level 1:colcon.colcon_core.package_discovery:discover_packages(colcon_meta) discover
[0.946s] Level 1:colcon.colcon_core.package_discovery:discover_packages(recursive) discover
[0.947s] INFO:colcon.colcon_core.package_discovery:Crawling recursively for packages in '/mnt/c/Users/camil/camil_turtlebot3'
[0.949s] Level 1:colcon.colcon_core.package_identification:_identify(.) by extensions ['ignore', 'ignore_ament_install']
[0.950s] Level 1:colcon.colcon_core.package_identification:_identify(.) by extension 'ignore'
[0.952s] Level 1:colcon.colcon_core.package_identification:_identify(.) by extension 'ignore_ament_install'
[0.958s] Level 1:colcon.colcon_core.package_identification:_identify(.) by extensions ['colcon_pkg']
[0.959s] Level 1:colcon.colcon_core.package_identification:_identify(.) by extension 'colcon_pkg'
[0.960s] Level 1:colcon.colcon_core.package_identification:_identify(.) by extensions ['colcon_meta']
[0.960s] Level 1:colcon.colcon_core.package_identification:_identify(.) by extension 'colcon_meta'
[0.961s] Level 1:colcon.colcon_core.package_identification:_identify(.) by extensions ['ros']
[0.962s] Level 1:colcon.colcon_core.package_identification:_identify(.) by extension 'ros'
[1.051s] Level 1:colcon.colcon_core.package_identification:_identify(.) by extensions ['cmake', 'python']
[1.052s] Level 1:colcon.colcon_core.package_identification:_identify(.) by extension 'cmake'
[1.053s] Level 1:colcon.colcon_core.package_identification:_identify(.) by extension 'python'
[1.053s] Level 1:colcon.colcon_core.package_identification:_identify(.) by extensions ['python_setup_py']
[1.054s] Level 1:colcon.colcon_core.package_identification:_identify(.) by extension 'python_setup_py'
[1.058s] Level 1:colcon.colcon_core.package_identification:_identify(build) by extensions ['ignore', 'ignore_ament_install']
[1.059s] Level 1:colcon.colcon_core.package_identification:_identify(build) by extension 'ignore'
[1.061s] Level 1:colcon.colcon_core.package_identification:_identify(build) ignored
[1.065s] Level 1:colcon.colcon_core.package_identification:_identify(install) by extensions ['ignore', 'ignore_ament_install']
[1.066s] Level 1:colcon.colcon_core.package_identification:_identify(install) by extension 'ignore'
[1.068s] Level 1:colcon.colcon_core.package_identification:_identify(install) ignored
[1.070s] Level 1:colcon.colcon_core.package_identification:_identify(log) by extensions ['ignore', 'ignore_ament_install']
[1.071s] Level 1:colcon.colcon_core.package_identification:_identify(log) by extension 'ignore'
[1.079s] Level 1:colcon.colcon_core.package_identification:_identify(log) ignored
[1.083s] Level 1:colcon.colcon_core.package_identification:_identify(src) by extensions ['ignore', 'ignore_ament_install']
[1.084s] Level 1:colcon.colcon_core.package_identification:_identify(src) by extension 'ignore'
[1.087s] Level 1:colcon.colcon_core.package_identification:_identify(src) by extension 'ignore_ament_install'
[1.091s] Level 1:colcon.colcon_core.package_identification:_identify(src) by extensions ['colcon_pkg']
[1.092s] Level 1:colcon.colcon_core.package_identification:_identify(src) by extension 'colcon_pkg'
[1.094s] Level 1:colcon.colcon_core.package_identification:_identify(src) by extensions ['colcon_meta']
[1.096s] Level 1:colcon.colcon_core.package_identification:_identify(src) by extension 'colcon_meta'
[1.099s] Level 1:colcon.colcon_core.package_identification:_identify(src) by extensions ['ros']
[1.099s] Level 1:colcon.colcon_core.package_identification:_identify(src) by extension 'ros'
[1.105s] Level 1:colcon.colcon_core.package_identification:_identify(src) by extensions ['cmake', 'python']
[1.105s] Level 1:colcon.colcon_core.package_identification:_identify(src) by extension 'cmake'
[1.109s] Level 1:colcon.colcon_core.package_identification:_identify(src) by extension 'python'
[1.112s] Level 1:colcon.colcon_core.package_identification:_identify(src) by extensions ['python_setup_py']
[1.112s] Level 1:colcon.colcon_core.package_identification:_identify(src) by extension 'python_setup_py'
[1.121s] Level 1:colcon.colcon_core.package_identification:_identify(src/control) by extensions ['ignore', 'ignore_ament_install']
[1.122s] Level 1:colcon.colcon_core.package_identification:_identify(src/control) by extension 'ignore'
[1.125s] Level 1:colcon.colcon_core.package_identification:_identify(src/control) by extension 'ignore_ament_install'
[1.130s] Level 1:colcon.colcon_core.package_identification:_identify(src/control) by extensions ['colcon_pkg']
[1.130s] Level 1:colcon.colcon_core.package_identification:_identify(src/control) by extension 'colcon_pkg'
[1.133s] Level 1:colcon.colcon_core.package_identification:_identify(src/control) by extensions ['colcon_meta']
[1.134s] Level 1:colcon.colcon_core.package_identification:_identify(src/control) by extension 'colcon_meta'
[1.137s] Level 1:colcon.colcon_core.package_identification:_identify(src/control) by extensions ['ros']
[1.138s] Level 1:colcon.colcon_core.package_identification:_identify(src/control) by extension 'ros'
[1.169s] DEBUG:colcon.colcon_core.package_identification:Package 'src/control' with type 'ros.ament_python' and name 'control'
[1.170s] Level 1:colcon.colcon_core.package_discovery:discover_packages(recursive) using defaults
[1.171s] Level 1:colcon.colcon_core.package_discovery:discover_packages(ignore) discover
[1.171s] Level 1:colcon.colcon_core.package_discovery:discover_packages(ignore) using defaults
[1.172s] Level 1:colcon.colcon_core.package_discovery:discover_packages(path) discover
[1.173s] Level 1:colcon.colcon_core.package_discovery:discover_packages(path) using defaults
[1.295s] Level 1:colcon.colcon_core.package_discovery:discover_packages(prefix_path) check parameters
[1.296s] Level 1:colcon.colcon_core.package_discovery:discover_packages(prefix_path) discover
[1.359s] DEBUG:colcon.colcon_installed_package_information.package_discovery:Found 1 installed packages in /mnt/c/Users/camil/camil_turtlebot3/install
[1.362s] DEBUG:colcon.colcon_installed_package_information.package_discovery:Found 15 installed packages in /home/camil/turtlebot3_ws/install
[1.367s] DEBUG:colcon.colcon_installed_package_information.package_discovery:Found 385 installed packages in /opt/ros/jazzy
[1.371s] Level 1:colcon.colcon_core.package_discovery:discover_packages(prefix_path) using defaults
[1.509s] Level 5:colcon.colcon_core.verb:set package 'control' build argument 'cmake_args' from command line to 'None'
[1.510s] Level 5:colcon.colcon_core.verb:set package 'control' build argument 'cmake_target' from command line to 'None'
[1.512s] Level 5:colcon.colcon_core.verb:set package 'control' build argument 'cmake_target_skip_unavailable' from command line to 'False'
[1.513s] Level 5:colcon.colcon_core.verb:set package 'control' build argument 'cmake_clean_cache' from command line to 'False'
[1.514s] Level 5:colcon.colcon_core.verb:set package 'control' build argument 'cmake_clean_first' from command line to 'False'
[1.516s] Level 5:colcon.colcon_core.verb:set package 'control' build argument 'cmake_force_configure' from command line to 'False'
[1.517s] Level 5:colcon.colcon_core.verb:set package 'control' build argument 'ament_cmake_args' from command line to 'None'
[1.518s] Level 5:colcon.colcon_core.verb:set package 'control' build argument 'catkin_cmake_args' from command line to 'None'
[1.518s] Level 5:colcon.colcon_core.verb:set package 'control' build argument 'catkin_skip_building_tests' from command line to 'False'
[1.519s] DEBUG:colcon.colcon_core.verb:Building package 'control' with the following arguments: {'ament_cmake_args': None, 'build_base': '/mnt/c/Users/camil/camil_turtlebot3/build/control', 'catkin_cmake_args': None, 'catkin_skip_building_tests': False, 'cmake_args': None, 'cmake_clean_cache': False, 'cmake_clean_first': False, 'cmake_force_configure': False, 'cmake_target': None, 'cmake_target_skip_unavailable': False, 'install_base': '/mnt/c/Users/camil/camil_turtlebot3/install/control', 'merge_install': False, 'path': '/mnt/c/Users/camil/camil_turtlebot3/src/control', 'symlink_install': True, 'test_result_base': None}
[1.520s] INFO:colcon.colcon_core.executor:Executing jobs using 'parallel' executor
[1.522s] DEBUG:colcon.colcon_parallel_executor.executor.parallel:run_until_complete
[1.523s] INFO:colcon.colcon_ros.task.ament_python.build:Building ROS package in '/mnt/c/Users/camil/camil_turtlebot3/src/control' with build type 'ament_python'
[1.524s] Level 1:colcon.colcon_core.shell:create_environment_hook('control', 'ament_prefix_path')
[1.541s] INFO:colcon.colcon_core.plugin_system:Skipping extension 'colcon_core.shell.bat': Not used on non-Windows systems
[1.543s] INFO:colcon.colcon_core.shell:Creating environment hook '/mnt/c/Users/camil/camil_turtlebot3/install/control/share/control/hook/ament_prefix_path.ps1'
[1.586s] INFO:colcon.colcon_core.shell:Creating environment descriptor '/mnt/c/Users/camil/camil_turtlebot3/install/control/share/control/hook/ament_prefix_path.dsv'
[1.616s] INFO:colcon.colcon_core.shell:Creating environment hook '/mnt/c/Users/camil/camil_turtlebot3/install/control/share/control/hook/ament_prefix_path.sh'
[1.657s] INFO:colcon.colcon_core.shell:Skip shell extension 'powershell' for command environment: Not usable outside of PowerShell
[1.658s] DEBUG:colcon.colcon_core.shell:Skip shell extension 'dsv' for command environment
[3.117s] INFO:colcon.colcon_core.task.python.build:Building Python package in '/mnt/c/Users/camil/camil_turtlebot3/src/control'
[3.118s] INFO:colcon.colcon_core.shell:Skip shell extension 'powershell' for command environment: Not usable outside of PowerShell
[3.120s] DEBUG:colcon.colcon_core.shell:Skip shell extension 'dsv' for command environment
[6.870s] DEBUG:colcon.colcon_core.event_handler.log_command:Invoking command in '/mnt/c/Users/camil/camil_turtlebot3/build/control': PYTHONPATH=/mnt/c/Users/camil/camil_turtlebot3/build/control/prefix_override:/usr/lib/python3/dist-packages/colcon_core/task/python/colcon_distutils_commands:/mnt/c/Users/camil/camil_turtlebot3/install/control/lib/python3.12/site-packages:${PYTHONPATH} /usr/bin/python3 -W ignore:setup.py install is deprecated -W ignore:easy_install command is deprecated setup.py develop --editable --build-directory /mnt/c/Users/camil/camil_turtlebot3/build/control/build --no-deps symlink_data
[11.071s] Level 1:colcon.colcon_core.shell:create_environment_hook('control', 'pythonpath_develop')
[11.073s] INFO:colcon.colcon_core.shell:Creating environment hook '/mnt/c/Users/camil/camil_turtlebot3/build/control/share/control/hook/pythonpath_develop.ps1'
[11.083s] DEBUG:colcon.colcon_core.event_handler.log_command:Invoked command in '/mnt/c/Users/camil/camil_turtlebot3/build/control' returned '0': PYTHONPATH=/mnt/c/Users/camil/camil_turtlebot3/build/control/prefix_override:/usr/lib/python3/dist-packages/colcon_core/task/python/colcon_distutils_commands:/mnt/c/Users/camil/camil_turtlebot3/install/control/lib/python3.12/site-packages:${PYTHONPATH} /usr/bin/python3 -W ignore:setup.py install is deprecated -W ignore:easy_install command is deprecated setup.py develop --editable --build-directory /mnt/c/Users/camil/camil_turtlebot3/build/control/build --no-deps symlink_data
[11.103s] INFO:colcon.colcon_core.shell:Creating environment descriptor '/mnt/c/Users/camil/camil_turtlebot3/build/control/share/control/hook/pythonpath_develop.dsv'
[11.135s] INFO:colcon.colcon_core.shell:Creating environment hook '/mnt/c/Users/camil/camil_turtlebot3/build/control/share/control/hook/pythonpath_develop.sh'
[11.181s] Level 1:colcon.colcon_core.environment:checking '/mnt/c/Users/camil/camil_turtlebot3/install/control' for CMake module files
[11.293s] Level 1:colcon.colcon_core.environment:checking '/mnt/c/Users/camil/camil_turtlebot3/install/control' for CMake config files
[11.427s] Level 1:colcon.colcon_core.environment:checking '/mnt/c/Users/camil/camil_turtlebot3/install/control/lib'
[11.434s] Level 1:colcon.colcon_core.environment:checking '/mnt/c/Users/camil/camil_turtlebot3/install/control/bin'
[11.436s] Level 1:colcon.colcon_core.environment:checking '/mnt/c/Users/camil/camil_turtlebot3/install/control/lib/pkgconfig/control.pc'
[11.439s] Level 1:colcon.colcon_core.environment:checking '/mnt/c/Users/camil/camil_turtlebot3/install/control/lib/python3.12/site-packages'
[11.446s] Level 1:colcon.colcon_core.shell:create_environment_hook('control', 'pythonpath')
[11.447s] INFO:colcon.colcon_core.shell:Creating environment hook '/mnt/c/Users/camil/camil_turtlebot3/install/control/share/control/hook/pythonpath.ps1'
[11.475s] INFO:colcon.colcon_core.shell:Creating environment descriptor '/mnt/c/Users/camil/camil_turtlebot3/install/control/share/control/hook/pythonpath.dsv'
[11.506s] INFO:colcon.colcon_core.shell:Creating environment hook '/mnt/c/Users/camil/camil_turtlebot3/install/control/share/control/hook/pythonpath.sh'
[11.548s] Level 1:colcon.colcon_core.environment:checking '/mnt/c/Users/camil/camil_turtlebot3/install/control/bin'
[11.551s] Level 1:colcon.colcon_core.environment:create_environment_scripts_only(control)
[11.553s] INFO:colcon.colcon_core.shell:Creating package script '/mnt/c/Users/camil/camil_turtlebot3/install/control/share/control/package.ps1'
[11.578s] INFO:colcon.colcon_core.shell:Creating package descriptor '/mnt/c/Users/camil/camil_turtlebot3/install/control/share/control/package.dsv'
[11.611s] INFO:colcon.colcon_core.shell:Creating package script '/mnt/c/Users/camil/camil_turtlebot3/install/control/share/control/package.sh'
[11.638s] INFO:colcon.colcon_core.shell:Creating package script '/mnt/c/Users/camil/camil_turtlebot3/install/control/share/control/package.bash'
[11.666s] INFO:colcon.colcon_core.shell:Creating package script '/mnt/c/Users/camil/camil_turtlebot3/install/control/share/control/package.zsh'
[11.685s] Level 1:colcon.colcon_core.environment:create_file_with_runtime_dependencies(/mnt/c/Users/camil/camil_turtlebot3/install/control/share/colcon-core/packages/control)
[11.700s] DEBUG:colcon.colcon_parallel_executor.executor.parallel:closing loop
[11.702s] DEBUG:colcon.colcon_parallel_executor.executor.parallel:loop closed
[11.704s] DEBUG:colcon.colcon_parallel_executor.executor.parallel:run_until_complete finished with '0'
[11.706s] DEBUG:colcon.colcon_core.event_reactor:joining thread
[11.854s] INFO:colcon.colcon_core.plugin_system:Skipping extension 'colcon_notification.desktop_notification.notify_send': Could not find 'notify-send'
[11.855s] INFO:colcon.colcon_core.plugin_system:Skipping extension 'colcon_notification.desktop_notification.terminal_notifier': Not used on non-Darwin systems
[11.856s] INFO:colcon.colcon_core.plugin_system:Skipping extension 'colcon_notification.desktop_notification.win32': Not used on non-Windows systems
[11.856s] INFO:colcon.colcon_notification.desktop_notification:Sending desktop notification using 'notify2'
[11.859s] DEBUG:colcon.colcon_notification.desktop_notification.notify2:Failed to initialize notify2: org.freedesktop.DBus.Error.ServiceUnknown: The name org.freedesktop.Notifications was not provided by any .service files
[11.860s] DEBUG:colcon.colcon_core.event_reactor:joined thread
[11.862s] INFO:colcon.colcon_core.shell:Creating prefix script '/mnt/c/Users/camil/camil_turtlebot3/install/local_setup.ps1'
[11.873s] INFO:colcon.colcon_core.shell:Creating prefix util module '/mnt/c/Users/camil/camil_turtlebot3/install/_local_setup_util_ps1.py'
[11.890s] INFO:colcon.colcon_core.shell:Creating prefix chain script '/mnt/c/Users/camil/camil_turtlebot3/install/setup.ps1'
[11.916s] INFO:colcon.colcon_core.shell:Creating prefix script '/mnt/c/Users/camil/camil_turtlebot3/install/local_setup.sh'
[11.926s] INFO:colcon.colcon_core.shell:Creating prefix util module '/mnt/c/Users/camil/camil_turtlebot3/install/_local_setup_util_sh.py'
[11.937s] INFO:colcon.colcon_core.shell:Creating prefix chain script '/mnt/c/Users/camil/camil_turtlebot3/install/setup.sh'
[11.971s] INFO:colcon.colcon_core.shell:Creating prefix script '/mnt/c/Users/camil/camil_turtlebot3/install/local_setup.bash'
[11.980s] INFO:colcon.colcon_core.shell:Creating prefix chain script '/mnt/c/Users/camil/camil_turtlebot3/install/setup.bash'
[12.003s] INFO:colcon.colcon_core.shell:Creating prefix script '/mnt/c/Users/camil/camil_turtlebot3/install/local_setup.zsh'
[12.018s] INFO:colcon.colcon_core.shell:Creating prefix chain script '/mnt/c/Users/camil/camil_turtlebot3/install/setup.zsh'
