[0.642s] DEBUG:colcon:Command line arguments: ['/usr/bin/colcon', 'build']
[0.642s] DEBUG:colcon:Parsed command line arguments: Namespace(log_base=None, log_level=None, verb_name='build', build_base='build', install_base='install', merge_install=False, symlink_install=False, test_result_base=None, continue_on_error=False, executor='parallel', parallel_workers=8, event_handlers=None, ignore_user_meta=False, metas=['./colcon.meta'], base_paths=['.'], packages_ignore=None, packages_ignore_regex=None, paths=None, packages_up_to=None, packages_up_to_regex=None, packages_above=None, packages_above_and_dependencies=None, packages_above_depth=None, packages_select_by_dep=None, packages_skip_by_dep=None, packages_skip_up_to=None, packages_select_build_failed=False, packages_skip_build_finished=False, packages_select_test_failures=False, packages_skip_test_passed=False, packages_select=None, packages_skip=None, packages_select_regex=None, packages_skip_regex=None, packages_start=None, packages_end=None, allow_overriding=[], cmake_args=None, cmake_target=None, cmake_target_skip_unavailable=False, cmake_clean_cache=False, cmake_clean_first=False, cmake_force_configure=False, ament_cmake_args=None, catkin_cmake_args=None, catkin_skip_building_tests=False, mixin_files=None, mixin=None, verb_parser=<colcon_mixin.mixin.mixin_argument.MixinArgumentDecorator object at 0x71a79c16dd60>, verb_extension=<colcon_core.verb.build.BuildVerb object at 0x71a79c2efad0>, main=<bound method BuildVerb.main of <colcon_core.verb.build.BuildVerb object at 0x71a79c2efad0>>, mixin_verb=('build',))
[0.761s] Level 1:colcon.colcon_core.package_discovery:discover_packages(colcon_meta) check parameters
[0.762s] Level 1:colcon.colcon_core.package_discovery:discover_packages(recursive) check parameters
[0.763s] Level 1:colcon.colcon_core.package_discovery:discover_packages(ignore) check parameters
[0.763s] Level 1:colcon.colcon_core.package_discovery:discover_packages(path) check parameters
[0.764s] Level 1:colcon.colcon_core.package_discovery:discover_packages(colcon_meta) discover
[0.765s] Level 1:colcon.colcon_core.package_discovery:discover_packages(recursive) discover
[0.765s] INFO:colcon.colcon_core.package_discovery:Crawling recursively for packages in '/mnt/c/Users/camil/camil_turtlebot3'
[0.768s] Level 1:colcon.colcon_core.package_identification:_identify(.) by extensions ['ignore', 'ignore_ament_install']
[0.768s] Level 1:colcon.colcon_core.package_identification:_identify(.) by extension 'ignore'
[0.769s] Level 1:colcon.colcon_core.package_identification:_identify(.) by extension 'ignore_ament_install'
[0.770s] Level 1:colcon.colcon_core.package_identification:_identify(.) by extensions ['colcon_pkg']
[0.771s] Level 1:colcon.colcon_core.package_identification:_identify(.) by extension 'colcon_pkg'
[0.771s] Level 1:colcon.colcon_core.package_identification:_identify(.) by extensions ['colcon_meta']
[0.772s] Level 1:colcon.colcon_core.package_identification:_identify(.) by extension 'colcon_meta'
[0.772s] Level 1:colcon.colcon_core.package_identification:_identify(.) by extensions ['ros']
[0.773s] Level 1:colcon.colcon_core.package_identification:_identify(.) by extension 'ros'
[0.825s] Level 1:colcon.colcon_core.package_identification:_identify(.) by extensions ['cmake', 'python']
[0.825s] Level 1:colcon.colcon_core.package_identification:_identify(.) by extension 'cmake'
[0.826s] Level 1:colcon.colcon_core.package_identification:_identify(.) by extension 'python'
[0.827s] Level 1:colcon.colcon_core.package_identification:_identify(.) by extensions ['python_setup_py']
[0.827s] Level 1:colcon.colcon_core.package_identification:_identify(.) by extension 'python_setup_py'
[0.831s] Level 1:colcon.colcon_core.package_identification:_identify(build) by extensions ['ignore', 'ignore_ament_install']
[0.831s] Level 1:colcon.colcon_core.package_identification:_identify(build) by extension 'ignore'
[0.832s] Level 1:colcon.colcon_core.package_identification:_identify(build) ignored
[0.835s] Level 1:colcon.colcon_core.package_identification:_identify(install) by extensions ['ignore', 'ignore_ament_install']
[0.835s] Level 1:colcon.colcon_core.package_identification:_identify(install) by extension 'ignore'
[0.837s] Level 1:colcon.colcon_core.package_identification:_identify(install) ignored
[0.838s] Level 1:colcon.colcon_core.package_identification:_identify(log) by extensions ['ignore', 'ignore_ament_install']
[0.839s] Level 1:colcon.colcon_core.package_identification:_identify(log) by extension 'ignore'
[0.840s] Level 1:colcon.colcon_core.package_identification:_identify(log) ignored
[0.842s] Level 1:colcon.colcon_core.package_identification:_identify(src) by extensions ['ignore', 'ignore_ament_install']
[0.842s] Level 1:colcon.colcon_core.package_identification:_identify(src) by extension 'ignore'
[0.843s] Level 1:colcon.colcon_core.package_identification:_identify(src) by extension 'ignore_ament_install'
[0.845s] Level 1:colcon.colcon_core.package_identification:_identify(src) by extensions ['colcon_pkg']
[0.845s] Level 1:colcon.colcon_core.package_identification:_identify(src) by extension 'colcon_pkg'
[0.846s] Level 1:colcon.colcon_core.package_identification:_identify(src) by extensions ['colcon_meta']
[0.846s] Level 1:colcon.colcon_core.package_identification:_identify(src) by extension 'colcon_meta'
[0.847s] Level 1:colcon.colcon_core.package_identification:_identify(src) by extensions ['ros']
[0.848s] Level 1:colcon.colcon_core.package_identification:_identify(src) by extension 'ros'
[0.851s] Level 1:colcon.colcon_core.package_identification:_identify(src) by extensions ['cmake', 'python']
[0.851s] Level 1:colcon.colcon_core.package_identification:_identify(src) by extension 'cmake'
[0.852s] Level 1:colcon.colcon_core.package_identification:_identify(src) by extension 'python'
[0.854s] Level 1:colcon.colcon_core.package_identification:_identify(src) by extensions ['python_setup_py']
[0.854s] Level 1:colcon.colcon_core.package_identification:_identify(src) by extension 'python_setup_py'
[0.858s] Level 1:colcon.colcon_core.package_identification:_identify(src/control) by extensions ['ignore', 'ignore_ament_install']
[0.858s] Level 1:colcon.colcon_core.package_identification:_identify(src/control) by extension 'ignore'
[0.860s] Level 1:colcon.colcon_core.package_identification:_identify(src/control) by extension 'ignore_ament_install'
[0.862s] Level 1:colcon.colcon_core.package_identification:_identify(src/control) by extensions ['colcon_pkg']
[0.862s] Level 1:colcon.colcon_core.package_identification:_identify(src/control) by extension 'colcon_pkg'
[0.864s] Level 1:colcon.colcon_core.package_identification:_identify(src/control) by extensions ['colcon_meta']
[0.864s] Level 1:colcon.colcon_core.package_identification:_identify(src/control) by extension 'colcon_meta'
[0.866s] Level 1:colcon.colcon_core.package_identification:_identify(src/control) by extensions ['ros']
[0.866s] Level 1:colcon.colcon_core.package_identification:_identify(src/control) by extension 'ros'
[0.880s] DEBUG:colcon.colcon_core.package_identification:Package 'src/control' with type 'ros.ament_python' and name 'control'
[0.881s] Level 1:colcon.colcon_core.package_discovery:discover_packages(recursive) using defaults
[0.881s] Level 1:colcon.colcon_core.package_discovery:discover_packages(ignore) discover
[0.881s] Level 1:colcon.colcon_core.package_discovery:discover_packages(ignore) using defaults
[0.882s] Level 1:colcon.colcon_core.package_discovery:discover_packages(path) discover
[0.882s] Level 1:colcon.colcon_core.package_discovery:discover_packages(path) using defaults
[0.941s] Level 1:colcon.colcon_core.package_discovery:discover_packages(prefix_path) check parameters
[0.942s] Level 1:colcon.colcon_core.package_discovery:discover_packages(prefix_path) discover
[0.974s] DEBUG:colcon.colcon_installed_package_information.package_discovery:Found 1 installed packages in /mnt/c/Users/camil/camil_turtlebot3/install
[0.976s] DEBUG:colcon.colcon_installed_package_information.package_discovery:Found 287 installed packages in /opt/ros/jazzy
[0.977s] Level 1:colcon.colcon_core.package_discovery:discover_packages(prefix_path) using defaults
[1.152s] Level 5:colcon.colcon_core.verb:set package 'control' build argument 'cmake_args' from command line to 'None'
[1.152s] Level 5:colcon.colcon_core.verb:set package 'control' build argument 'cmake_target' from command line to 'None'
[1.153s] Level 5:colcon.colcon_core.verb:set package 'control' build argument 'cmake_target_skip_unavailable' from command line to 'False'
[1.154s] Level 5:colcon.colcon_core.verb:set package 'control' build argument 'cmake_clean_cache' from command line to 'False'
[1.154s] Level 5:colcon.colcon_core.verb:set package 'control' build argument 'cmake_clean_first' from command line to 'False'
[1.155s] Level 5:colcon.colcon_core.verb:set package 'control' build argument 'cmake_force_configure' from command line to 'False'
[1.156s] Level 5:colcon.colcon_core.verb:set package 'control' build argument 'ament_cmake_args' from command line to 'None'
[1.156s] Level 5:colcon.colcon_core.verb:set package 'control' build argument 'catkin_cmake_args' from command line to 'None'
[1.157s] Level 5:colcon.colcon_core.verb:set package 'control' build argument 'catkin_skip_building_tests' from command line to 'False'
[1.157s] DEBUG:colcon.colcon_core.verb:Building package 'control' with the following arguments: {'ament_cmake_args': None, 'build_base': '/mnt/c/Users/camil/camil_turtlebot3/build/control', 'catkin_cmake_args': None, 'catkin_skip_building_tests': False, 'cmake_args': None, 'cmake_clean_cache': False, 'cmake_clean_first': False, 'cmake_force_configure': False, 'cmake_target': None, 'cmake_target_skip_unavailable': False, 'install_base': '/mnt/c/Users/camil/camil_turtlebot3/install/control', 'merge_install': False, 'path': '/mnt/c/Users/camil/camil_turtlebot3/src/control', 'symlink_install': False, 'test_result_base': None}
[1.159s] INFO:colcon.colcon_core.executor:Executing jobs using 'parallel' executor
[1.162s] DEBUG:colcon.colcon_parallel_executor.executor.parallel:run_until_complete
[1.163s] INFO:colcon.colcon_ros.task.ament_python.build:Building ROS package in '/mnt/c/Users/camil/camil_turtlebot3/src/control' with build type 'ament_python'
[1.164s] Level 1:colcon.colcon_core.shell:create_environment_hook('control', 'ament_prefix_path')
[1.176s] INFO:colcon.colcon_core.plugin_system:Skipping extension 'colcon_core.shell.bat': Not used on non-Windows systems
[1.176s] INFO:colcon.colcon_core.shell:Creating environment hook '/mnt/c/Users/camil/camil_turtlebot3/install/control/share/control/hook/ament_prefix_path.ps1'
[1.193s] INFO:colcon.colcon_core.shell:Creating environment descriptor '/mnt/c/Users/camil/camil_turtlebot3/install/control/share/control/hook/ament_prefix_path.dsv'
[1.206s] INFO:colcon.colcon_core.shell:Creating environment hook '/mnt/c/Users/camil/camil_turtlebot3/install/control/share/control/hook/ament_prefix_path.sh'
[1.219s] INFO:colcon.colcon_core.shell:Skip shell extension 'powershell' for command environment: Not usable outside of PowerShell
[1.219s] DEBUG:colcon.colcon_core.shell:Skip shell extension 'dsv' for command environment
[1.960s] DEBUG:colcon.colcon_parallel_executor.executor.parallel:closing loop
[1.960s] DEBUG:colcon.colcon_parallel_executor.executor.parallel:loop closed
[1.961s] DEBUG:colcon.colcon_parallel_executor.executor.parallel:run_until_complete finished with 'Command '['/usr/bin/python3', '-c', 'import sys;from contextlib import suppress;exec("with suppress(ImportError):    from setuptools.extern.packaging.specifiers    import SpecifierSet");exec("with suppress(ImportError):    from packaging.specifiers import SpecifierSet");from distutils.core import run_setup;dist = run_setup(    \'setup.py\', script_args=(\'--dry-run\',), stop_after=\'config\');skip_keys = (\'cmdclass\', \'distclass\', \'ext_modules\', \'metadata\');data = {    key: value for key, value in dist.__dict__.items()     if (        not key.startswith(\'_\') and         not callable(value) and         key not in skip_keys and         key not in dist.display_option_names    )};data[\'metadata\'] = {    k: v for k, v in dist.metadata.__dict__.items()     if k not in (\'license_files\', \'provides_extras\')};sys.stdout.buffer.write(repr(data).encode(\'utf-8\'))']' returned non-zero exit status 1.'
[1.961s] DEBUG:colcon.colcon_core.event_reactor:joining thread
[2.052s] INFO:colcon.colcon_core.plugin_system:Skipping extension 'colcon_notification.desktop_notification.notify_send': Could not find 'notify-send'
[2.052s] INFO:colcon.colcon_core.plugin_system:Skipping extension 'colcon_notification.desktop_notification.terminal_notifier': Not used on non-Darwin systems
[2.053s] INFO:colcon.colcon_core.plugin_system:Skipping extension 'colcon_notification.desktop_notification.win32': Not used on non-Windows systems
[2.053s] INFO:colcon.colcon_notification.desktop_notification:Sending desktop notification using 'notify2'
[2.055s] DEBUG:colcon.colcon_notification.desktop_notification.notify2:Failed to initialize notify2: org.freedesktop.DBus.Error.ServiceUnknown: The name org.freedesktop.Notifications was not provided by any .service files
[2.056s] DEBUG:colcon.colcon_core.event_reactor:joined thread
[2.056s] INFO:colcon.colcon_core.shell:Creating prefix script '/mnt/c/Users/camil/camil_turtlebot3/install/local_setup.ps1'
[2.062s] INFO:colcon.colcon_core.shell:Creating prefix util module '/mnt/c/Users/camil/camil_turtlebot3/install/_local_setup_util_ps1.py'
[2.068s] INFO:colcon.colcon_core.shell:Creating prefix chain script '/mnt/c/Users/camil/camil_turtlebot3/install/setup.ps1'
[2.080s] INFO:colcon.colcon_core.shell:Creating prefix script '/mnt/c/Users/camil/camil_turtlebot3/install/local_setup.sh'
[2.086s] INFO:colcon.colcon_core.shell:Creating prefix util module '/mnt/c/Users/camil/camil_turtlebot3/install/_local_setup_util_sh.py'
[2.091s] INFO:colcon.colcon_core.shell:Creating prefix chain script '/mnt/c/Users/camil/camil_turtlebot3/install/setup.sh'
[2.103s] INFO:colcon.colcon_core.shell:Creating prefix script '/mnt/c/Users/camil/camil_turtlebot3/install/local_setup.bash'
[2.109s] INFO:colcon.colcon_core.shell:Creating prefix chain script '/mnt/c/Users/camil/camil_turtlebot3/install/setup.bash'
[2.120s] INFO:colcon.colcon_core.shell:Creating prefix script '/mnt/c/Users/camil/camil_turtlebot3/install/local_setup.zsh'
[2.125s] INFO:colcon.colcon_core.shell:Creating prefix chain script '/mnt/c/Users/camil/camil_turtlebot3/install/setup.zsh'
